#
# There is insufficient memory for the Java Runtime Environment to continue.
# Native memory allocation (malloc) failed to allocate 901136 bytes for Chunk::new
# Possible reasons:
#   The system is out of physical RAM or swap space
#   The process is running with CompressedOops enabled, and the Java Heap may be blocking the growth of the native heap
# Possible solutions:
#   Reduce memory load on the system
#   Increase physical memory or swap space
#   Check if swap backing store is full
#   Decrease Java heap size (-Xmx/-Xms)
#   Decrease number of Java threads
#   Decrease Java thread stack sizes (-Xss)
#   Set larger code cache with -XX:ReservedCodeCacheSize=
#   JVM is running with Unscaled Compressed Oops mode in which the Java heap is
#     placed in the first 4GB address space. The Java Heap base address is the
#     maximum limit for the native heap growth. Please use -XX:HeapBaseMinAddress
#     to set the Java Heap base and to place the Java Heap above 4GB virtual address.
# This output file may be truncated or incomplete.
#
#  Out of Memory Error (./open/src/hotspot/share/memory/arena.cpp:195), pid=19028, tid=21920
#
# JRE version: OpenJDK Runtime Environment (15.0.2+7) (build 15.0.2+7-27)
# Java VM: OpenJDK 64-Bit Server VM (15.0.2+7-27, mixed mode, sharing, tiered, compressed oops, g1 gc, windows-amd64)
# No core dump will be written. Minidumps are not enabled by default on client versions of Windows
#

---------------  S U M M A R Y ------------

Command Line: --add-opens=java.base/java.util=ALL-UNNAMED --add-opens=java.base/java.lang=ALL-UNNAMED --add-opens=java.base/java.lang.invoke=ALL-UNNAMED --add-opens=java.prefs/java.util.prefs=ALL-UNNAMED -XX:MaxMetaspaceSize=256m -XX:+HeapDumpOnOutOfMemoryError -Xms256m -Xmx512m -Dfile.encoding=windows-1250 -Duser.country=PL -Duser.language=pl -Duser.variant org.gradle.launcher.daemon.bootstrap.GradleDaemon 6.7

Host: Intel(R) Core(TM) i5-6400 CPU @ 2.70GHz, 4 cores, 7G,  Windows 10 , 64 bit Build 19041 (10.0.19041.1023)
Time: Sat Jun 12 18:10:56 2021 Œrodkowoeuropejski czas letni elapsed time: 17.217034 seconds (0d 0h 0m 17s)

---------------  T H R E A D  ---------------

Current thread (0x0000023fb58b9fd0):  JavaThread "C2 CompilerThread0" daemon [_thread_in_native, id=21920, stack(0x000000bf9a900000,0x000000bf9aa00000)]


Current CompileTask:
C2:  17217 6335       4       java.util.regex.Pattern::compile (500 bytes)

Stack: [0x000000bf9a900000,0x000000bf9aa00000]
Native frames: (J=compiled Java code, j=interpreted, Vv=VM code, C=native code)
V  [jvm.dll+0x62ae9a]
V  [jvm.dll+0x7817a9]
V  [jvm.dll+0x782f03]
V  [jvm.dll+0x783563]
V  [jvm.dll+0x216325]
V  [jvm.dll+0x97f3a]
V  [jvm.dll+0x9861c]
V  [jvm.dll+0x32e2a8]
V  [jvm.dll+0x2f768a]
V  [jvm.dll+0x2f6a4a]
V  [jvm.dll+0x1ea705]
V  [jvm.dll+0x1e996e]
V  [jvm.dll+0x178567]
V  [jvm.dll+0x1f9225]
V  [jvm.dll+0x1f72cc]
V  [jvm.dll+0x74495d]
V  [jvm.dll+0x73d75a]
V  [jvm.dll+0x629c56]
C  [ucrtbase.dll+0x21bb2]
C  [KERNEL32.DLL+0x17034]
C  [ntdll.dll+0x52651]


---------------  P R O C E S S  ---------------

Threads class SMR info:
_java_thread_list=0x0000023fb689e7f0, length=60, elements={
0x0000023f9aea2190, 0x0000023fb58947f0, 0x0000023fb58952d0, 0x0000023fb58b37a0,
0x0000023fb58b8180, 0x0000023fb58b8b40, 0x0000023fb58b9fd0, 0x0000023fb58bf6d0,
0x0000023fb58c0870, 0x0000023fb6306a30, 0x0000023fb6327950, 0x0000023fb7a622b0,
0x0000023fb75950a0, 0x0000023fb804ed50, 0x0000023fb8181860, 0x0000023fb78d6720,
0x0000023fb7caa300, 0x0000023fb7ca9e30, 0x0000023fb7ca8af0, 0x0000023fb7cab640,
0x0000023fb7ca8fc0, 0x0000023fb7ca9490, 0x0000023fb88b6700, 0x0000023fb88b23a0,
0x0000023fb88b6230, 0x0000023fb88b2d40, 0x0000023fb88b4a20, 0x0000023fb88b4ef0,
0x0000023fb88b3210, 0x0000023fb88b4080, 0x0000023fb88b53c0, 0x0000023fb88b5890,
0x0000023fb88b7570, 0x0000023fb88b36e0, 0x0000023fb88b3bb0, 0x0000023fb88b6bd0,
0x0000023fb87265c0, 0x0000023fb8727430, 0x0000023fb8722c00, 0x0000023fb87248e0,
0x0000023fb8726f60, 0x0000023fb8727900, 0x0000023fb8726a90, 0x0000023fb87230d0,
0x0000023fb87260f0, 0x0000023fb8722730, 0x0000023fb8728770, 0x0000023fb87235a0,
0x0000023fb7b68a60, 0x0000023fb8728c40, 0x0000023fb8727dd0, 0x0000023fb87282a0,
0x0000023fb8722260, 0x0000023fb8729110, 0x0000023fb8723f40, 0x0000023fb87295e0,
0x0000023fb8724410, 0x0000023fb8724db0, 0x0000023fb8725280, 0x0000023fb8725750
}

Java Threads: ( => current thread )
  0x0000023f9aea2190 JavaThread "main" [_thread_blocked, id=11192, stack(0x000000bf99d00000,0x000000bf99e00000)]
  0x0000023fb58947f0 JavaThread "Reference Handler" daemon [_thread_blocked, id=8872, stack(0x000000bf9a400000,0x000000bf9a500000)]
  0x0000023fb58952d0 JavaThread "Finalizer" daemon [_thread_blocked, id=21748, stack(0x000000bf9a500000,0x000000bf9a600000)]
  0x0000023fb58b37a0 JavaThread "Signal Dispatcher" daemon [_thread_blocked, id=20836, stack(0x000000bf9a600000,0x000000bf9a700000)]
  0x0000023fb58b8180 JavaThread "Attach Listener" daemon [_thread_blocked, id=20260, stack(0x000000bf9a700000,0x000000bf9a800000)]
  0x0000023fb58b8b40 JavaThread "Service Thread" daemon [_thread_blocked, id=21152, stack(0x000000bf9a800000,0x000000bf9a900000)]
=>0x0000023fb58b9fd0 JavaThread "C2 CompilerThread0" daemon [_thread_in_native, id=21920, stack(0x000000bf9a900000,0x000000bf9aa00000)]
  0x0000023fb58bf6d0 JavaThread "C1 CompilerThread0" daemon [_thread_in_native, id=22352, stack(0x000000bf9aa00000,0x000000bf9ab00000)]
  0x0000023fb58c0870 JavaThread "Sweeper thread" daemon [_thread_blocked, id=21692, stack(0x000000bf9ab00000,0x000000bf9ac00000)]
  0x0000023fb6306a30 JavaThread "Common-Cleaner" daemon [_thread_blocked, id=18748, stack(0x000000bf9ac00000,0x000000bf9ad00000)]
  0x0000023fb6327950 JavaThread "Notification Thread" daemon [_thread_blocked, id=22148, stack(0x000000bf9ad00000,0x000000bf9ae00000)]
  0x0000023fb7a622b0 JavaThread "Daemon health stats" [_thread_blocked, id=8188, stack(0x000000bf9b300000,0x000000bf9b400000)]
  0x0000023fb75950a0 JavaThread "Incoming local TCP Connector on port 60253" [_thread_in_native, id=21192, stack(0x000000bf9b600000,0x000000bf9b700000)]
  0x0000023fb804ed50 JavaThread "Daemon periodic checks" [_thread_blocked, id=3388, stack(0x000000bf9b700000,0x000000bf9b800000)]
  0x0000023fb8181860 JavaThread "Daemon" [_thread_blocked, id=21644, stack(0x000000bf9b800000,0x000000bf9b900000)]
  0x0000023fb78d6720 JavaThread "Daemon worker" [_thread_in_Java, id=22488, stack(0x000000bf9bb00000,0x000000bf9bc00000)]
  0x0000023fb7caa300 JavaThread "Cache worker for file hash cache (C:\Users\Jarcia\.gradle\caches\6.7\fileHashes)" [_thread_blocked, id=16628, stack(0x000000bf9bf00000,0x000000bf9c000000)]
  0x0000023fb7ca9e30 JavaThread "File lock request listener" [_thread_in_native, id=20292, stack(0x000000bf9c000000,0x000000bf9c100000)]
  0x0000023fb7ca8af0 JavaThread "Cache worker for journal cache (C:\Users\Jarcia\.gradle\caches\journal-1)" [_thread_blocked, id=6380, stack(0x000000bf9c100000,0x000000bf9c200000)]
  0x0000023fb7cab640 JavaThread "Cache worker for execution history cache (C:\Users\Jarcia\.gradle\caches\6.7\executionHistory)" [_thread_blocked, id=20904, stack(0x000000bf9c600000,0x000000bf9c700000)]
  0x0000023fb7ca8fc0 JavaThread "jar transforms" [_thread_blocked, id=22472, stack(0x000000bf9af00000,0x000000bf9b000000)]
  0x0000023fb7ca9490 JavaThread "Cache worker for file content cache (C:\Users\Jarcia\.gradle\caches\6.7\fileContent)" [_thread_blocked, id=18568, stack(0x000000bf9c700000,0x000000bf9c800000)]
  0x0000023fb88b6700 JavaThread "jar transforms Thread 2" [_thread_blocked, id=22008, stack(0x000000bf9ce00000,0x000000bf9cf00000)]
  0x0000023fb88b23a0 JavaThread "jar transforms Thread 3" [_thread_blocked, id=4112, stack(0x000000bf9cf00000,0x000000bf9d000000)]
  0x0000023fb88b6230 JavaThread "jar transforms Thread 4" [_thread_blocked, id=16724, stack(0x000000bf9d000000,0x000000bf9d100000)]
  0x0000023fb88b2d40 JavaThread "jar transforms Thread 5" [_thread_blocked, id=17700, stack(0x000000bf9d100000,0x000000bf9d200000)]
  0x0000023fb88b4a20 JavaThread "jar transforms Thread 6" [_thread_blocked, id=10532, stack(0x000000bf9d200000,0x000000bf9d300000)]
  0x0000023fb88b4ef0 JavaThread "jar transforms Thread 7" [_thread_blocked, id=20732, stack(0x000000bf9d300000,0x000000bf9d400000)]
  0x0000023fb88b3210 JavaThread "jar transforms Thread 8" [_thread_blocked, id=12840, stack(0x000000bf9d400000,0x000000bf9d500000)]
  0x0000023fb88b4080 JavaThread "jar transforms Thread 9" [_thread_blocked, id=5876, stack(0x000000bf9d500000,0x000000bf9d600000)]
  0x0000023fb88b53c0 JavaThread "jar transforms Thread 10" [_thread_blocked, id=21660, stack(0x000000bf9d600000,0x000000bf9d700000)]
  0x0000023fb88b5890 JavaThread "jar transforms Thread 11" [_thread_blocked, id=4516, stack(0x000000bf9d700000,0x000000bf9d800000)]
  0x0000023fb88b7570 JavaThread "jar transforms Thread 12" [_thread_blocked, id=21500, stack(0x000000bf9d800000,0x000000bf9d900000)]
  0x0000023fb88b36e0 JavaThread "jar transforms Thread 13" [_thread_blocked, id=22004, stack(0x000000bf9d900000,0x000000bf9da00000)]
  0x0000023fb88b3bb0 JavaThread "jar transforms Thread 14" [_thread_blocked, id=15260, stack(0x000000bf9da00000,0x000000bf9db00000)]
  0x0000023fb88b6bd0 JavaThread "Memory manager" [_thread_blocked, id=19012, stack(0x000000bf9db00000,0x000000bf9dc00000)]
  0x0000023fb87265c0 JavaThread "Exec process" [_thread_blocked, id=10384, stack(0x000000bf9e000000,0x000000bf9e100000)]
  0x0000023fb8727430 JavaThread "Exec process Thread 2" [_thread_blocked, id=15556, stack(0x000000bf9e100000,0x000000bf9e200000)]
  0x0000023fb8722c00 JavaThread "Exec process Thread 3" [_thread_blocked, id=22444, stack(0x000000bf9e200000,0x000000bf9e300000)]
  0x0000023fb87248e0 JavaThread "Handler for socket connection from /127.0.0.1:60253 to /127.0.0.1:60261" [_thread_in_native, id=21712, stack(0x000000bf9b900000,0x000000bf9ba00000)]
  0x0000023fb8726f60 JavaThread "Cancel handler" [_thread_blocked, id=22504, stack(0x000000bf9ba00000,0x000000bf9bb00000)]
  0x0000023fb8727900 JavaThread "Asynchronous log dispatcher for DefaultDaemonConnection: socket connection from /127.0.0.1:60253 to /127.0.0.1:60261" [_thread_blocked, id=11732, stack(0x000000bf9bc00000,0x000000bf9bd00000)]
  0x0000023fb8726a90 JavaThread "Stdin handler" [_thread_blocked, id=17724, stack(0x000000bf9bd00000,0x000000bf9be00000)]
  0x0000023fb87230d0 JavaThread "Thread-49" [_thread_blocked, id=17672, stack(0x000000bf9be00000,0x000000bf9bf00000)]
  0x0000023fb87260f0 JavaThread "Cache worker for file hash cache (C:\Users\Jarcia\Downloads\AplikacjaSklep\.gradle\6.7\fileHashes)" [_thread_blocked, id=5740, stack(0x000000bf9c200000,0x000000bf9c300000)]
  0x0000023fb8722730 JavaThread "Cache worker for checksums cache (C:\Users\Jarcia\Downloads\AplikacjaSklep\.gradle\checksums)" [_thread_blocked, id=20660, stack(0x000000bf9c300000,0x000000bf9c400000)]
  0x0000023fb8728770 JavaThread "Cache worker for cache directory md-supplier (C:\Users\Jarcia\.gradle\caches\6.7\md-supplier)" [_thread_blocked, id=4076, stack(0x000000bf9c400000,0x000000bf9c500000)]
  0x0000023fb87235a0 JavaThread "Cache worker for cache directory md-rule (C:\Users\Jarcia\.gradle\caches\6.7\md-rule)" [_thread_blocked, id=9928, stack(0x000000bf9c500000,0x000000bf9c600000)]
  0x0000023fb7b68a60 JavaThread "C2 CompilerThread1" daemon [_thread_in_native, id=21224, stack(0x000000bf9c800000,0x000000bf9c900000)]
  0x0000023fb8728c40 JavaThread "Cache worker for Build Output Cleanup Cache (C:\Users\Jarcia\Downloads\AplikacjaSklep\.gradle\buildOutputCleanup)" [_thread_blocked, id=10928, stack(0x000000bf9c900000,0x000000bf9ca00000)]
  0x0000023fb8727dd0 JavaThread "Build operations" [_thread_blocked, id=22240, stack(0x000000bf9ca00000,0x000000bf9cb00000)]
  0x0000023fb87282a0 JavaThread "Build operations Thread 2" [_thread_blocked, id=4700, stack(0x000000bf9cb00000,0x000000bf9cc00000)]
  0x0000023fb8722260 JavaThread "Build operations Thread 3" [_thread_blocked, id=8676, stack(0x000000bf9cc00000,0x000000bf9cd00000)]
  0x0000023fb8729110 JavaThread "Build operations Thread 4" [_thread_blocked, id=21800, stack(0x000000bf9cd00000,0x000000bf9ce00000)]
  0x0000023fb8723f40 JavaThread "Execution worker for ':'" [_thread_blocked, id=21024, stack(0x000000bf9dc00000,0x000000bf9dd00000)]
  0x0000023fb87295e0 JavaThread "Execution worker for ':' Thread 2" [_thread_blocked, id=8160, stack(0x000000bf9dd00000,0x000000bf9de00000)]
  0x0000023fb8724410 JavaThread "Execution worker for ':' Thread 3" [_thread_blocked, id=21784, stack(0x000000bf9de00000,0x000000bf9df00000)]
  0x0000023fb8724db0 JavaThread "Cache worker for execution history cache (C:\Users\Jarcia\Downloads\AplikacjaSklep\.gradle\6.7\executionHistory)" [_thread_blocked, id=20788, stack(0x000000bf9df00000,0x000000bf9e000000)]
  0x0000023fb8725280 JavaThread "Cache worker for Java compile cache (C:\Users\Jarcia\.gradle\caches\6.7\javaCompile)" [_thread_blocked, id=20088, stack(0x000000bf9e300000,0x000000bf9e400000)]
  0x0000023fb8725750 JavaThread "Cache worker for Java compile cache (C:\Users\Jarcia\Downloads\AplikacjaSklep\.gradle\6.7\javaCompile)" [_thread_blocked, id=21936, stack(0x000000bf9e400000,0x000000bf9e500000)]

Other Threads:
  0x0000023fb58900a0 VMThread "VM Thread" [stack: 0x000000bf9a300000,0x000000bf9a400000] [id=16580]
  0x0000023fb633c500 WatcherThread [stack: 0x000000bf9ae00000,0x000000bf9af00000] [id=7164]
  0x0000023f9aecbfd0 GCTaskThread "GC Thread#0" [stack: 0x000000bf99e00000,0x000000bf99f00000] [id=17788]
  0x0000023fb6773260 GCTaskThread "GC Thread#1" [stack: 0x000000bf9b000000,0x000000bf9b100000] [id=17808]
  0x0000023fb67725a0 GCTaskThread "GC Thread#2" [stack: 0x000000bf9b100000,0x000000bf9b200000] [id=17544]
  0x0000023fb67728d0 GCTaskThread "GC Thread#3" [stack: 0x000000bf9b200000,0x000000bf9b300000] [id=20184]
  0x0000023f9aed1030 ConcurrentGCThread "G1 Main Marker" [stack: 0x000000bf99f00000,0x000000bf9a000000] [id=8640]
  0x0000023f9aed1b30 ConcurrentGCThread "G1 Conc#0" [stack: 0x000000bf9a000000,0x000000bf9a100000] [id=20492]
  0x0000023f9af7c770 ConcurrentGCThread "G1 Refine#0" [stack: 0x000000bf9a100000,0x000000bf9a200000] [id=13328]
  0x0000023fb9ffc910 ConcurrentGCThread "G1 Refine#1" [stack: 0x000000bf9e500000,0x000000bf9e600000] [id=8904]
  0x0000023f9af7d280 ConcurrentGCThread "G1 Young RemSet Sampling" [stack: 0x000000bf9a200000,0x000000bf9a300000] [id=4612]

Threads with active compile tasks:
C2 CompilerThread0    17250 6335       4       java.util.regex.Pattern::compile (500 bytes)
C1 CompilerThread0    17251 6515       3       com.sun.tools.javac.file.PathFileObject::forDirectoryPath (12 bytes)
C2 CompilerThread1    17251 6451   !   4       com.sun.tools.javac.jvm.ClassReader::classSigToType (497 bytes)

VM state: not at safepoint (normal execution)

VM Mutex/Monitor currently owned by a thread:  ([mutex/lock_event])
[0x0000023f9ae9c8d0] CodeCache_lock - owner thread: 0x0000000000000000

Heap address: 0x00000000e0000000, size: 512 MB, Compressed Oops mode: 32-bit
CDS archive(s) mapped at: [0x0000000800000000-0x0000000800b50000-0x0000000800b50000), size 11862016, SharedBaseAddress: 0x0000000800000000, ArchiveRelocationMode: 0.
Compressed class space mapped at: 0x0000000800b50000-0x0000000810350000, size: 260046848
Narrow klass base: 0x0000000800000000, Narrow klass shift: 3, Narrow klass range: 0x100000000

GC Precious Log:
 CPUs: 4 total, 4 available
 Memory: 8138M
 Large Page Support: Disabled
 NUMA Support: Disabled
 Compressed Oops: Enabled (32-bit)
 Heap Region Size: 1M
 Heap Min Capacity: 256M
 Heap Initial Capacity: 256M
 Heap Max Capacity: 512M
 Pre-touch: Disabled
 Parallel Workers: 4
 Concurrent Workers: 1
 Concurrent Refinement Workers: 4
 Periodic GC: Disabled

Heap:
 garbage-first heap   total 262144K, used 66874K [0x00000000e0000000, 0x0000000100000000)
  region size 1024K, 48 young (49152K), 19 survivors (19456K)
 Metaspace       used 57065K, capacity 58073K, committed 58160K, reserved 307200K
  class space    used 7739K, capacity 8043K, committed 8064K, reserved 253952K

Heap Regions: E=young(eden), S=young(survivor), O=old, HS=humongous(starts), HC=humongous(continues), CS=collection set, F=free, OA=open archive, CA=closed archive, TAMS=top-at-mark-start (previous, next)
|   0|0x00000000e0000000, 0x00000000e0100000, 0x00000000e0100000|100%| O|  |TAMS 0x00000000e0100000, 0x00000000e0000000| Untracked 
|   1|0x00000000e0100000, 0x00000000e0200000, 0x00000000e0200000|100%| O|  |TAMS 0x00000000e0200000, 0x00000000e0100000| Untracked 
|   2|0x00000000e0200000, 0x00000000e0300000, 0x00000000e0300000|100%| O|  |TAMS 0x00000000e02d4e00, 0x00000000e0200000| Untracked 
|   3|0x00000000e0300000, 0x00000000e0400000, 0x00000000e0400000|100%|HS|  |TAMS 0x00000000e0400000, 0x00000000e0300000| Complete 
|   4|0x00000000e0400000, 0x00000000e0500000, 0x00000000e0500000|100%|HC|  |TAMS 0x00000000e0500000, 0x00000000e0400000| Complete 
|   5|0x00000000e0500000, 0x00000000e0600000, 0x00000000e0600000|100%|HC|  |TAMS 0x00000000e0600000, 0x00000000e0500000| Complete 
|   6|0x00000000e0600000, 0x00000000e0700000, 0x00000000e0700000|100%| O|  |TAMS 0x00000000e0700000, 0x00000000e0600000| Untracked 
|   7|0x00000000e0700000, 0x00000000e0800000, 0x00000000e0800000|100%| O|  |TAMS 0x00000000e0800000, 0x00000000e0700000| Untracked 
|   8|0x00000000e0800000, 0x00000000e0900000, 0x00000000e0900000|100%| O|  |TAMS 0x00000000e0900000, 0x00000000e0800000| Untracked 
|   9|0x00000000e0900000, 0x00000000e0a00000, 0x00000000e0a00000|100%| O|  |TAMS 0x00000000e0900000, 0x00000000e0900000| Untracked 
|  10|0x00000000e0a00000, 0x00000000e0b00000, 0x00000000e0b00000|100%| O|  |TAMS 0x00000000e0a00000, 0x00000000e0a00000| Untracked 
|  11|0x00000000e0b00000, 0x00000000e0c00000, 0x00000000e0c00000|100%| O|  |TAMS 0x00000000e0b00000, 0x00000000e0b00000| Untracked 
|  12|0x00000000e0c00000, 0x00000000e0d00000, 0x00000000e0d00000|100%| O|  |TAMS 0x00000000e0c00000, 0x00000000e0c00000| Untracked 
|  13|0x00000000e0d00000, 0x00000000e0e00000, 0x00000000e0e00000|100%| O|  |TAMS 0x00000000e0d00000, 0x00000000e0d00000| Untracked 
|  14|0x00000000e0e00000, 0x00000000e0f00000, 0x00000000e0f00000|100%| O|  |TAMS 0x00000000e0e00000, 0x00000000e0e00000| Untracked 
|  15|0x00000000e0f00000, 0x00000000e1000000, 0x00000000e1000000|100%| O|  |TAMS 0x00000000e0f00000, 0x00000000e0f00000| Untracked 
|  16|0x00000000e1000000, 0x00000000e1100000, 0x00000000e1100000|100%| O|  |TAMS 0x00000000e1000000, 0x00000000e1000000| Untracked 
|  17|0x00000000e1100000, 0x00000000e1200000, 0x00000000e1200000|100%| O|  |TAMS 0x00000000e1100000, 0x00000000e1100000| Untracked 
|  18|0x00000000e1200000, 0x00000000e124fc00, 0x00000000e1300000| 31%| O|  |TAMS 0x00000000e1200000, 0x00000000e1200000| Untracked 
|  19|0x00000000e1300000, 0x00000000e1300000, 0x00000000e1400000|  0%| F|  |TAMS 0x00000000e1300000, 0x00000000e1300000| Untracked 
|  20|0x00000000e1400000, 0x00000000e1400000, 0x00000000e1500000|  0%| F|  |TAMS 0x00000000e1400000, 0x00000000e1400000| Untracked 
|  21|0x00000000e1500000, 0x00000000e1500000, 0x00000000e1600000|  0%| F|  |TAMS 0x00000000e1500000, 0x00000000e1500000| Untracked 
|  22|0x00000000e1600000, 0x00000000e1600000, 0x00000000e1700000|  0%| F|  |TAMS 0x00000000e1600000, 0x00000000e1600000| Untracked 
|  23|0x00000000e1700000, 0x00000000e1700000, 0x00000000e1800000|  0%| F|  |TAMS 0x00000000e1700000, 0x00000000e1700000| Untracked 
|  24|0x00000000e1800000, 0x00000000e1800000, 0x00000000e1900000|  0%| F|  |TAMS 0x00000000e1800000, 0x00000000e1800000| Untracked 
|  25|0x00000000e1900000, 0x00000000e1900000, 0x00000000e1a00000|  0%| F|  |TAMS 0x00000000e1900000, 0x00000000e1900000| Untracked 
|  26|0x00000000e1a00000, 0x00000000e1a00000, 0x00000000e1b00000|  0%| F|  |TAMS 0x00000000e1a00000, 0x00000000e1a00000| Untracked 
|  27|0x00000000e1b00000, 0x00000000e1b00000, 0x00000000e1c00000|  0%| F|  |TAMS 0x00000000e1b00000, 0x00000000e1b00000| Untracked 
|  28|0x00000000e1c00000, 0x00000000e1c00000, 0x00000000e1d00000|  0%| F|  |TAMS 0x00000000e1c00000, 0x00000000e1c00000| Untracked 
|  29|0x00000000e1d00000, 0x00000000e1d00000, 0x00000000e1e00000|  0%| F|  |TAMS 0x00000000e1d00000, 0x00000000e1d00000| Untracked 
|  30|0x00000000e1e00000, 0x00000000e1e00000, 0x00000000e1f00000|  0%| F|  |TAMS 0x00000000e1e00000, 0x00000000e1e00000| Untracked 
|  31|0x00000000e1f00000, 0x00000000e1f00000, 0x00000000e2000000|  0%| F|  |TAMS 0x00000000e1f00000, 0x00000000e1f00000| Untracked 
|  32|0x00000000e2000000, 0x00000000e2000000, 0x00000000e2100000|  0%| F|  |TAMS 0x00000000e2000000, 0x00000000e2000000| Untracked 
|  33|0x00000000e2100000, 0x00000000e2100000, 0x00000000e2200000|  0%| F|  |TAMS 0x00000000e2100000, 0x00000000e2100000| Untracked 
|  34|0x00000000e2200000, 0x00000000e2200000, 0x00000000e2300000|  0%| F|  |TAMS 0x00000000e2200000, 0x00000000e2200000| Untracked 
|  35|0x00000000e2300000, 0x00000000e2300000, 0x00000000e2400000|  0%| F|  |TAMS 0x00000000e2300000, 0x00000000e2300000| Untracked 
|  36|0x00000000e2400000, 0x00000000e2400000, 0x00000000e2500000|  0%| F|  |TAMS 0x00000000e2400000, 0x00000000e2400000| Untracked 
|  37|0x00000000e2500000, 0x00000000e2500000, 0x00000000e2600000|  0%| F|  |TAMS 0x00000000e2500000, 0x00000000e2500000| Untracked 
|  38|0x00000000e2600000, 0x00000000e2600000, 0x00000000e2700000|  0%| F|  |TAMS 0x00000000e2600000, 0x00000000e2600000| Untracked 
|  39|0x00000000e2700000, 0x00000000e2700000, 0x00000000e2800000|  0%| F|  |TAMS 0x00000000e2700000, 0x00000000e2700000| Untracked 
|  40|0x00000000e2800000, 0x00000000e2800000, 0x00000000e2900000|  0%| F|  |TAMS 0x00000000e2800000, 0x00000000e2800000| Untracked 
|  41|0x00000000e2900000, 0x00000000e2900000, 0x00000000e2a00000|  0%| F|  |TAMS 0x00000000e2900000, 0x00000000e2900000| Untracked 
|  42|0x00000000e2a00000, 0x00000000e2a00000, 0x00000000e2b00000|  0%| F|  |TAMS 0x00000000e2a00000, 0x00000000e2a00000| Untracked 
|  43|0x00000000e2b00000, 0x00000000e2b00000, 0x00000000e2c00000|  0%| F|  |TAMS 0x00000000e2b00000, 0x00000000e2b00000| Untracked 
|  44|0x00000000e2c00000, 0x00000000e2c00000, 0x00000000e2d00000|  0%| F|  |TAMS 0x00000000e2c00000, 0x00000000e2c00000| Untracked 
|  45|0x00000000e2d00000, 0x00000000e2d00000, 0x00000000e2e00000|  0%| F|  |TAMS 0x00000000e2d00000, 0x00000000e2d00000| Untracked 
|  46|0x00000000e2e00000, 0x00000000e2e00000, 0x00000000e2f00000|  0%| F|  |TAMS 0x00000000e2e00000, 0x00000000e2e00000| Untracked 
|  47|0x00000000e2f00000, 0x00000000e2f00000, 0x00000000e3000000|  0%| F|  |TAMS 0x00000000e2f00000, 0x00000000e2f00000| Untracked 
|  48|0x00000000e3000000, 0x00000000e3000000, 0x00000000e3100000|  0%| F|  |TAMS 0x00000000e3000000, 0x00000000e3000000| Untracked 
|  49|0x00000000e3100000, 0x00000000e3100000, 0x00000000e3200000|  0%| F|  |TAMS 0x00000000e3100000, 0x00000000e3100000| Untracked 
|  50|0x00000000e3200000, 0x00000000e3200000, 0x00000000e3300000|  0%| F|  |TAMS 0x00000000e3200000, 0x00000000e3200000| Untracked 
|  51|0x00000000e3300000, 0x00000000e3300000, 0x00000000e3400000|  0%| F|  |TAMS 0x00000000e3300000, 0x00000000e3300000| Untracked 
|  52|0x00000000e3400000, 0x00000000e3400000, 0x00000000e3500000|  0%| F|  |TAMS 0x00000000e3400000, 0x00000000e3400000| Untracked 
|  53|0x00000000e3500000, 0x00000000e3500000, 0x00000000e3600000|  0%| F|  |TAMS 0x00000000e3500000, 0x00000000e3500000| Untracked 
|  54|0x00000000e3600000, 0x00000000e3600000, 0x00000000e3700000|  0%| F|  |TAMS 0x00000000e3600000, 0x00000000e3600000| Untracked 
|  55|0x00000000e3700000, 0x00000000e3700000, 0x00000000e3800000|  0%| F|  |TAMS 0x00000000e3700000, 0x00000000e3700000| Untracked 
|  56|0x00000000e3800000, 0x00000000e3800000, 0x00000000e3900000|  0%| F|  |TAMS 0x00000000e3800000, 0x00000000e3800000| Untracked 
|  57|0x00000000e3900000, 0x00000000e3900000, 0x00000000e3a00000|  0%| F|  |TAMS 0x00000000e3900000, 0x00000000e3900000| Untracked 
|  58|0x00000000e3a00000, 0x00000000e3a00000, 0x00000000e3b00000|  0%| F|  |TAMS 0x00000000e3a00000, 0x00000000e3a00000| Untracked 
|  59|0x00000000e3b00000, 0x00000000e3b00000, 0x00000000e3c00000|  0%| F|  |TAMS 0x00000000e3b00000, 0x00000000e3b00000| Untracked 
|  60|0x00000000e3c00000, 0x00000000e3c00000, 0x00000000e3d00000|  0%| F|  |TAMS 0x00000000e3c00000, 0x00000000e3c00000| Untracked 
|  61|0x00000000e3d00000, 0x00000000e3d00000, 0x00000000e3e00000|  0%| F|  |TAMS 0x00000000e3d00000, 0x00000000e3d00000| Untracked 
|  62|0x00000000e3e00000, 0x00000000e3e00000, 0x00000000e3f00000|  0%| F|  |TAMS 0x00000000e3e00000, 0x00000000e3e00000| Untracked 
|  63|0x00000000e3f00000, 0x00000000e3f00000, 0x00000000e4000000|  0%| F|  |TAMS 0x00000000e3f00000, 0x00000000e3f00000| Untracked 
|  64|0x00000000e4000000, 0x00000000e4000000, 0x00000000e4100000|  0%| F|  |TAMS 0x00000000e4000000, 0x00000000e4000000| Untracked 
|  65|0x00000000e4100000, 0x00000000e4100000, 0x00000000e4200000|  0%| F|  |TAMS 0x00000000e4100000, 0x00000000e4100000| Untracked 
|  66|0x00000000e4200000, 0x00000000e4200000, 0x00000000e4300000|  0%| F|  |TAMS 0x00000000e4200000, 0x00000000e4200000| Untracked 
|  67|0x00000000e4300000, 0x00000000e4300000, 0x00000000e4400000|  0%| F|  |TAMS 0x00000000e4300000, 0x00000000e4300000| Untracked 
|  68|0x00000000e4400000, 0x00000000e4400000, 0x00000000e4500000|  0%| F|  |TAMS 0x00000000e4400000, 0x00000000e4400000| Untracked 
|  69|0x00000000e4500000, 0x00000000e4500000, 0x00000000e4600000|  0%| F|  |TAMS 0x00000000e4500000, 0x00000000e4500000| Untracked 
|  70|0x00000000e4600000, 0x00000000e4600000, 0x00000000e4700000|  0%| F|  |TAMS 0x00000000e4600000, 0x00000000e4600000| Untracked 
|  71|0x00000000e4700000, 0x00000000e4700000, 0x00000000e4800000|  0%| F|  |TAMS 0x00000000e4700000, 0x00000000e4700000| Untracked 
|  72|0x00000000e4800000, 0x00000000e4800000, 0x00000000e4900000|  0%| F|  |TAMS 0x00000000e4800000, 0x00000000e4800000| Untracked 
|  73|0x00000000e4900000, 0x00000000e4900000, 0x00000000e4a00000|  0%| F|  |TAMS 0x00000000e4900000, 0x00000000e4900000| Untracked 
|  74|0x00000000e4a00000, 0x00000000e4a00000, 0x00000000e4b00000|  0%| F|  |TAMS 0x00000000e4a00000, 0x00000000e4a00000| Untracked 
|  75|0x00000000e4b00000, 0x00000000e4b00000, 0x00000000e4c00000|  0%| F|  |TAMS 0x00000000e4b00000, 0x00000000e4b00000| Untracked 
|  76|0x00000000e4c00000, 0x00000000e4c00000, 0x00000000e4d00000|  0%| F|  |TAMS 0x00000000e4c00000, 0x00000000e4c00000| Untracked 
|  77|0x00000000e4d00000, 0x00000000e4d00000, 0x00000000e4e00000|  0%| F|  |TAMS 0x00000000e4d00000, 0x00000000e4d00000| Untracked 
|  78|0x00000000e4e00000, 0x00000000e4e00000, 0x00000000e4f00000|  0%| F|  |TAMS 0x00000000e4e00000, 0x00000000e4e00000| Untracked 
|  79|0x00000000e4f00000, 0x00000000e4f00000, 0x00000000e5000000|  0%| F|  |TAMS 0x00000000e4f00000, 0x00000000e4f00000| Untracked 
|  80|0x00000000e5000000, 0x00000000e5000000, 0x00000000e5100000|  0%| F|  |TAMS 0x00000000e5000000, 0x00000000e5000000| Untracked 
|  81|0x00000000e5100000, 0x00000000e5100000, 0x00000000e5200000|  0%| F|  |TAMS 0x00000000e5100000, 0x00000000e5100000| Untracked 
|  82|0x00000000e5200000, 0x00000000e5200000, 0x00000000e5300000|  0%| F|  |TAMS 0x00000000e5200000, 0x00000000e5200000| Untracked 
|  83|0x00000000e5300000, 0x00000000e5300000, 0x00000000e5400000|  0%| F|  |TAMS 0x00000000e5300000, 0x00000000e5300000| Untracked 
|  84|0x00000000e5400000, 0x00000000e5400000, 0x00000000e5500000|  0%| F|  |TAMS 0x00000000e5400000, 0x00000000e5400000| Untracked 
|  85|0x00000000e5500000, 0x00000000e5500000, 0x00000000e5600000|  0%| F|  |TAMS 0x00000000e5500000, 0x00000000e5500000| Untracked 
|  86|0x00000000e5600000, 0x00000000e5600000, 0x00000000e5700000|  0%| F|  |TAMS 0x00000000e5600000, 0x00000000e5600000| Untracked 
|  87|0x00000000e5700000, 0x00000000e57fef10, 0x00000000e5800000| 99%| S|CS|TAMS 0x00000000e5700000, 0x00000000e5700000| Complete 
|  88|0x00000000e5800000, 0x00000000e5900000, 0x00000000e5900000|100%| S|CS|TAMS 0x00000000e5800000, 0x00000000e5800000| Complete 
|  89|0x00000000e5900000, 0x00000000e5a00000, 0x00000000e5a00000|100%| S|CS|TAMS 0x00000000e5900000, 0x00000000e5900000| Complete 
|  90|0x00000000e5a00000, 0x00000000e5b00000, 0x00000000e5b00000|100%| S|CS|TAMS 0x00000000e5a00000, 0x00000000e5a00000| Complete 
|  91|0x00000000e5b00000, 0x00000000e5c00000, 0x00000000e5c00000|100%| S|CS|TAMS 0x00000000e5b00000, 0x00000000e5b00000| Complete 
|  92|0x00000000e5c00000, 0x00000000e5d00000, 0x00000000e5d00000|100%| S|CS|TAMS 0x00000000e5c00000, 0x00000000e5c00000| Complete 
|  93|0x00000000e5d00000, 0x00000000e5e00000, 0x00000000e5e00000|100%| S|CS|TAMS 0x00000000e5d00000, 0x00000000e5d00000| Complete 
|  94|0x00000000e5e00000, 0x00000000e5f00000, 0x00000000e5f00000|100%| S|CS|TAMS 0x00000000e5e00000, 0x00000000e5e00000| Complete 
|  95|0x00000000e5f00000, 0x00000000e6000000, 0x00000000e6000000|100%| S|CS|TAMS 0x00000000e5f00000, 0x00000000e5f00000| Complete 
|  96|0x00000000e6000000, 0x00000000e6100000, 0x00000000e6100000|100%| S|CS|TAMS 0x00000000e6000000, 0x00000000e6000000| Complete 
|  97|0x00000000e6100000, 0x00000000e6200000, 0x00000000e6200000|100%| S|CS|TAMS 0x00000000e6100000, 0x00000000e6100000| Complete 
|  98|0x00000000e6200000, 0x00000000e6300000, 0x00000000e6300000|100%| S|CS|TAMS 0x00000000e6200000, 0x00000000e6200000| Complete 
|  99|0x00000000e6300000, 0x00000000e6400000, 0x00000000e6400000|100%| S|CS|TAMS 0x00000000e6300000, 0x00000000e6300000| Complete 
| 100|0x00000000e6400000, 0x00000000e6500000, 0x00000000e6500000|100%| S|CS|TAMS 0x00000000e6400000, 0x00000000e6400000| Complete 
| 101|0x00000000e6500000, 0x00000000e6600000, 0x00000000e6600000|100%| S|CS|TAMS 0x00000000e6500000, 0x00000000e6500000| Complete 
| 102|0x00000000e6600000, 0x00000000e6700000, 0x00000000e6700000|100%| S|CS|TAMS 0x00000000e6600000, 0x00000000e6600000| Complete 
| 103|0x00000000e6700000, 0x00000000e6800000, 0x00000000e6800000|100%| S|CS|TAMS 0x00000000e6700000, 0x00000000e6700000| Complete 
| 104|0x00000000e6800000, 0x00000000e6900000, 0x00000000e6900000|100%| S|CS|TAMS 0x00000000e6800000, 0x00000000e6800000| Complete 
| 105|0x00000000e6900000, 0x00000000e6a00000, 0x00000000e6a00000|100%| S|CS|TAMS 0x00000000e6900000, 0x00000000e6900000| Complete 
| 106|0x00000000e6a00000, 0x00000000e6a00000, 0x00000000e6b00000|  0%| F|  |TAMS 0x00000000e6a00000, 0x00000000e6a00000| Untracked 
| 107|0x00000000e6b00000, 0x00000000e6b00000, 0x00000000e6c00000|  0%| F|  |TAMS 0x00000000e6b00000, 0x00000000e6b00000| Untracked 
| 108|0x00000000e6c00000, 0x00000000e6c00000, 0x00000000e6d00000|  0%| F|  |TAMS 0x00000000e6c00000, 0x00000000e6c00000| Untracked 
| 109|0x00000000e6d00000, 0x00000000e6d00000, 0x00000000e6e00000|  0%| F|  |TAMS 0x00000000e6d00000, 0x00000000e6d00000| Untracked 
| 110|0x00000000e6e00000, 0x00000000e6e00000, 0x00000000e6f00000|  0%| F|  |TAMS 0x00000000e6e00000, 0x00000000e6e00000| Untracked 
| 111|0x00000000e6f00000, 0x00000000e6f00000, 0x00000000e7000000|  0%| F|  |TAMS 0x00000000e6f00000, 0x00000000e6f00000| Untracked 
| 112|0x00000000e7000000, 0x00000000e7000000, 0x00000000e7100000|  0%| F|  |TAMS 0x00000000e7000000, 0x00000000e7000000| Untracked 
| 113|0x00000000e7100000, 0x00000000e7100000, 0x00000000e7200000|  0%| F|  |TAMS 0x00000000e7100000, 0x00000000e7100000| Untracked 
| 114|0x00000000e7200000, 0x00000000e7200000, 0x00000000e7300000|  0%| F|  |TAMS 0x00000000e7200000, 0x00000000e7200000| Untracked 
| 115|0x00000000e7300000, 0x00000000e7300000, 0x00000000e7400000|  0%| F|  |TAMS 0x00000000e7300000, 0x00000000e7300000| Untracked 
| 116|0x00000000e7400000, 0x00000000e7400000, 0x00000000e7500000|  0%| F|  |TAMS 0x00000000e7400000, 0x00000000e7400000| Untracked 
| 117|0x00000000e7500000, 0x00000000e7500000, 0x00000000e7600000|  0%| F|  |TAMS 0x00000000e7500000, 0x00000000e7500000| Untracked 
| 118|0x00000000e7600000, 0x00000000e7600000, 0x00000000e7700000|  0%| F|  |TAMS 0x00000000e7600000, 0x00000000e7600000| Untracked 
| 119|0x00000000e7700000, 0x00000000e7700000, 0x00000000e7800000|  0%| F|  |TAMS 0x00000000e7700000, 0x00000000e7700000| Untracked 
| 120|0x00000000e7800000, 0x00000000e7800000, 0x00000000e7900000|  0%| F|  |TAMS 0x00000000e7800000, 0x00000000e7800000| Untracked 
| 121|0x00000000e7900000, 0x00000000e7900000, 0x00000000e7a00000|  0%| F|  |TAMS 0x00000000e7900000, 0x00000000e7900000| Untracked 
| 122|0x00000000e7a00000, 0x00000000e7a00000, 0x00000000e7b00000|  0%| F|  |TAMS 0x00000000e7a00000, 0x00000000e7a00000| Untracked 
| 123|0x00000000e7b00000, 0x00000000e7b00000, 0x00000000e7c00000|  0%| F|  |TAMS 0x00000000e7b00000, 0x00000000e7b00000| Untracked 
| 124|0x00000000e7c00000, 0x00000000e7c00000, 0x00000000e7d00000|  0%| F|  |TAMS 0x00000000e7c00000, 0x00000000e7c00000| Untracked 
| 125|0x00000000e7d00000, 0x00000000e7d00000, 0x00000000e7e00000|  0%| F|  |TAMS 0x00000000e7d00000, 0x00000000e7d00000| Untracked 
| 126|0x00000000e7e00000, 0x00000000e7e00000, 0x00000000e7f00000|  0%| F|  |TAMS 0x00000000e7e00000, 0x00000000e7e00000| Untracked 
| 127|0x00000000e7f00000, 0x00000000e7f00000, 0x00000000e8000000|  0%| F|  |TAMS 0x00000000e7f00000, 0x00000000e7f00000| Untracked 
| 128|0x00000000e8000000, 0x00000000e8000000, 0x00000000e8100000|  0%| F|  |TAMS 0x00000000e8000000, 0x00000000e8000000| Untracked 
| 129|0x00000000e8100000, 0x00000000e8100000, 0x00000000e8200000|  0%| F|  |TAMS 0x00000000e8100000, 0x00000000e8100000| Untracked 
| 130|0x00000000e8200000, 0x00000000e8200000, 0x00000000e8300000|  0%| F|  |TAMS 0x00000000e8200000, 0x00000000e8200000| Untracked 
| 131|0x00000000e8300000, 0x00000000e8300000, 0x00000000e8400000|  0%| F|  |TAMS 0x00000000e8300000, 0x00000000e8300000| Untracked 
| 132|0x00000000e8400000, 0x00000000e8400000, 0x00000000e8500000|  0%| F|  |TAMS 0x00000000e8400000, 0x00000000e8400000| Untracked 
| 133|0x00000000e8500000, 0x00000000e8500000, 0x00000000e8600000|  0%| F|  |TAMS 0x00000000e8500000, 0x00000000e8500000| Untracked 
| 134|0x00000000e8600000, 0x00000000e8600000, 0x00000000e8700000|  0%| F|  |TAMS 0x00000000e8600000, 0x00000000e8600000| Untracked 
| 135|0x00000000e8700000, 0x00000000e8700000, 0x00000000e8800000|  0%| F|  |TAMS 0x00000000e8700000, 0x00000000e8700000| Untracked 
| 136|0x00000000e8800000, 0x00000000e8800000, 0x00000000e8900000|  0%| F|  |TAMS 0x00000000e8800000, 0x00000000e8800000| Untracked 
| 137|0x00000000e8900000, 0x00000000e8900000, 0x00000000e8a00000|  0%| F|  |TAMS 0x00000000e8900000, 0x00000000e8900000| Untracked 
| 138|0x00000000e8a00000, 0x00000000e8a00000, 0x00000000e8b00000|  0%| F|  |TAMS 0x00000000e8a00000, 0x00000000e8a00000| Untracked 
| 139|0x00000000e8b00000, 0x00000000e8b00000, 0x00000000e8c00000|  0%| F|  |TAMS 0x00000000e8b00000, 0x00000000e8b00000| Untracked 
| 140|0x00000000e8c00000, 0x00000000e8c00000, 0x00000000e8d00000|  0%| F|  |TAMS 0x00000000e8c00000, 0x00000000e8c00000| Untracked 
| 141|0x00000000e8d00000, 0x00000000e8d00000, 0x00000000e8e00000|  0%| F|  |TAMS 0x00000000e8d00000, 0x00000000e8d00000| Untracked 
| 142|0x00000000e8e00000, 0x00000000e8e00000, 0x00000000e8f00000|  0%| F|  |TAMS 0x00000000e8e00000, 0x00000000e8e00000| Untracked 
| 143|0x00000000e8f00000, 0x00000000e8f00000, 0x00000000e9000000|  0%| F|  |TAMS 0x00000000e8f00000, 0x00000000e8f00000| Untracked 
| 144|0x00000000e9000000, 0x00000000e9000000, 0x00000000e9100000|  0%| F|  |TAMS 0x00000000e9000000, 0x00000000e9000000| Untracked 
| 145|0x00000000e9100000, 0x00000000e9100000, 0x00000000e9200000|  0%| F|  |TAMS 0x00000000e9100000, 0x00000000e9100000| Untracked 
| 146|0x00000000e9200000, 0x00000000e9200000, 0x00000000e9300000|  0%| F|  |TAMS 0x00000000e9200000, 0x00000000e9200000| Untracked 
| 147|0x00000000e9300000, 0x00000000e9300000, 0x00000000e9400000|  0%| F|  |TAMS 0x00000000e9300000, 0x00000000e9300000| Untracked 
| 148|0x00000000e9400000, 0x00000000e9400000, 0x00000000e9500000|  0%| F|  |TAMS 0x00000000e9400000, 0x00000000e9400000| Untracked 
| 149|0x00000000e9500000, 0x00000000e9500000, 0x00000000e9600000|  0%| F|  |TAMS 0x00000000e9500000, 0x00000000e9500000| Untracked 
| 150|0x00000000e9600000, 0x00000000e9600000, 0x00000000e9700000|  0%| F|  |TAMS 0x00000000e9600000, 0x00000000e9600000| Untracked 
| 151|0x00000000e9700000, 0x00000000e9700000, 0x00000000e9800000|  0%| F|  |TAMS 0x00000000e9700000, 0x00000000e9700000| Untracked 
| 152|0x00000000e9800000, 0x00000000e9800000, 0x00000000e9900000|  0%| F|  |TAMS 0x00000000e9800000, 0x00000000e9800000| Untracked 
| 153|0x00000000e9900000, 0x00000000e9900000, 0x00000000e9a00000|  0%| F|  |TAMS 0x00000000e9900000, 0x00000000e9900000| Untracked 
| 154|0x00000000e9a00000, 0x00000000e9a00000, 0x00000000e9b00000|  0%| F|  |TAMS 0x00000000e9a00000, 0x00000000e9a00000| Untracked 
| 155|0x00000000e9b00000, 0x00000000e9b00000, 0x00000000e9c00000|  0%| F|  |TAMS 0x00000000e9b00000, 0x00000000e9b00000| Untracked 
| 156|0x00000000e9c00000, 0x00000000e9c00000, 0x00000000e9d00000|  0%| F|  |TAMS 0x00000000e9c00000, 0x00000000e9c00000| Untracked 
| 157|0x00000000e9d00000, 0x00000000e9d00000, 0x00000000e9e00000|  0%| F|  |TAMS 0x00000000e9d00000, 0x00000000e9d00000| Untracked 
| 158|0x00000000e9e00000, 0x00000000e9e00000, 0x00000000e9f00000|  0%| F|  |TAMS 0x00000000e9e00000, 0x00000000e9e00000| Untracked 
| 159|0x00000000e9f00000, 0x00000000e9f00000, 0x00000000ea000000|  0%| F|  |TAMS 0x00000000e9f00000, 0x00000000e9f00000| Untracked 
| 160|0x00000000ea000000, 0x00000000ea000000, 0x00000000ea100000|  0%| F|  |TAMS 0x00000000ea000000, 0x00000000ea000000| Untracked 
| 161|0x00000000ea100000, 0x00000000ea100000, 0x00000000ea200000|  0%| F|  |TAMS 0x00000000ea100000, 0x00000000ea100000| Untracked 
| 162|0x00000000ea200000, 0x00000000ea200000, 0x00000000ea300000|  0%| F|  |TAMS 0x00000000ea200000, 0x00000000ea200000| Untracked 
| 163|0x00000000ea300000, 0x00000000ea300000, 0x00000000ea400000|  0%| F|  |TAMS 0x00000000ea300000, 0x00000000ea300000| Untracked 
| 164|0x00000000ea400000, 0x00000000ea400000, 0x00000000ea500000|  0%| F|  |TAMS 0x00000000ea400000, 0x00000000ea400000| Untracked 
| 165|0x00000000ea500000, 0x00000000ea500000, 0x00000000ea600000|  0%| F|  |TAMS 0x00000000ea500000, 0x00000000ea500000| Untracked 
| 166|0x00000000ea600000, 0x00000000ea600000, 0x00000000ea700000|  0%| F|  |TAMS 0x00000000ea600000, 0x00000000ea600000| Untracked 
| 167|0x00000000ea700000, 0x00000000ea700000, 0x00000000ea800000|  0%| F|  |TAMS 0x00000000ea700000, 0x00000000ea700000| Untracked 
| 168|0x00000000ea800000, 0x00000000ea800000, 0x00000000ea900000|  0%| F|  |TAMS 0x00000000ea800000, 0x00000000ea800000| Untracked 
| 169|0x00000000ea900000, 0x00000000ea900000, 0x00000000eaa00000|  0%| F|  |TAMS 0x00000000ea900000, 0x00000000ea900000| Untracked 
| 170|0x00000000eaa00000, 0x00000000eaa00000, 0x00000000eab00000|  0%| F|  |TAMS 0x00000000eaa00000, 0x00000000eaa00000| Untracked 
| 171|0x00000000eab00000, 0x00000000eab00000, 0x00000000eac00000|  0%| F|  |TAMS 0x00000000eab00000, 0x00000000eab00000| Untracked 
| 172|0x00000000eac00000, 0x00000000eac00000, 0x00000000ead00000|  0%| F|  |TAMS 0x00000000eac00000, 0x00000000eac00000| Untracked 
| 173|0x00000000ead00000, 0x00000000ead00000, 0x00000000eae00000|  0%| F|  |TAMS 0x00000000ead00000, 0x00000000ead00000| Untracked 
| 174|0x00000000eae00000, 0x00000000eae00000, 0x00000000eaf00000|  0%| F|  |TAMS 0x00000000eae00000, 0x00000000eae00000| Untracked 
| 175|0x00000000eaf00000, 0x00000000eaf00000, 0x00000000eb000000|  0%| F|  |TAMS 0x00000000eaf00000, 0x00000000eaf00000| Untracked 
| 176|0x00000000eb000000, 0x00000000eb000000, 0x00000000eb100000|  0%| F|  |TAMS 0x00000000eb000000, 0x00000000eb000000| Untracked 
| 177|0x00000000eb100000, 0x00000000eb100000, 0x00000000eb200000|  0%| F|  |TAMS 0x00000000eb100000, 0x00000000eb100000| Untracked 
| 178|0x00000000eb200000, 0x00000000eb200000, 0x00000000eb300000|  0%| F|  |TAMS 0x00000000eb200000, 0x00000000eb200000| Untracked 
| 179|0x00000000eb300000, 0x00000000eb300000, 0x00000000eb400000|  0%| F|  |TAMS 0x00000000eb300000, 0x00000000eb300000| Untracked 
| 180|0x00000000eb400000, 0x00000000eb400000, 0x00000000eb500000|  0%| F|  |TAMS 0x00000000eb400000, 0x00000000eb400000| Untracked 
| 181|0x00000000eb500000, 0x00000000eb500000, 0x00000000eb600000|  0%| F|  |TAMS 0x00000000eb500000, 0x00000000eb500000| Untracked 
| 182|0x00000000eb600000, 0x00000000eb600000, 0x00000000eb700000|  0%| F|  |TAMS 0x00000000eb600000, 0x00000000eb600000| Untracked 
| 183|0x00000000eb700000, 0x00000000eb700000, 0x00000000eb800000|  0%| F|  |TAMS 0x00000000eb700000, 0x00000000eb700000| Untracked 
| 184|0x00000000eb800000, 0x00000000eb800000, 0x00000000eb900000|  0%| F|  |TAMS 0x00000000eb800000, 0x00000000eb800000| Untracked 
| 185|0x00000000eb900000, 0x00000000eb900000, 0x00000000eba00000|  0%| F|  |TAMS 0x00000000eb900000, 0x00000000eb900000| Untracked 
| 186|0x00000000eba00000, 0x00000000eba00000, 0x00000000ebb00000|  0%| F|  |TAMS 0x00000000eba00000, 0x00000000eba00000| Untracked 
| 187|0x00000000ebb00000, 0x00000000ebb00000, 0x00000000ebc00000|  0%| F|  |TAMS 0x00000000ebb00000, 0x00000000ebb00000| Untracked 
| 188|0x00000000ebc00000, 0x00000000ebc00000, 0x00000000ebd00000|  0%| F|  |TAMS 0x00000000ebc00000, 0x00000000ebc00000| Untracked 
| 189|0x00000000ebd00000, 0x00000000ebd00000, 0x00000000ebe00000|  0%| F|  |TAMS 0x00000000ebd00000, 0x00000000ebd00000| Untracked 
| 190|0x00000000ebe00000, 0x00000000ebe00000, 0x00000000ebf00000|  0%| F|  |TAMS 0x00000000ebe00000, 0x00000000ebe00000| Untracked 
| 191|0x00000000ebf00000, 0x00000000ebf00000, 0x00000000ec000000|  0%| F|  |TAMS 0x00000000ebf00000, 0x00000000ebf00000| Untracked 
| 192|0x00000000ec000000, 0x00000000ec000000, 0x00000000ec100000|  0%| F|  |TAMS 0x00000000ec000000, 0x00000000ec000000| Untracked 
| 193|0x00000000ec100000, 0x00000000ec100000, 0x00000000ec200000|  0%| F|  |TAMS 0x00000000ec100000, 0x00000000ec100000| Untracked 
| 194|0x00000000ec200000, 0x00000000ec200000, 0x00000000ec300000|  0%| F|  |TAMS 0x00000000ec200000, 0x00000000ec200000| Untracked 
| 195|0x00000000ec300000, 0x00000000ec300000, 0x00000000ec400000|  0%| F|  |TAMS 0x00000000ec300000, 0x00000000ec300000| Untracked 
| 196|0x00000000ec400000, 0x00000000ec400000, 0x00000000ec500000|  0%| F|  |TAMS 0x00000000ec400000, 0x00000000ec400000| Untracked 
| 197|0x00000000ec500000, 0x00000000ec500000, 0x00000000ec600000|  0%| F|  |TAMS 0x00000000ec500000, 0x00000000ec500000| Untracked 
| 198|0x00000000ec600000, 0x00000000ec600000, 0x00000000ec700000|  0%| F|  |TAMS 0x00000000ec600000, 0x00000000ec600000| Untracked 
| 199|0x00000000ec700000, 0x00000000ec700000, 0x00000000ec800000|  0%| F|  |TAMS 0x00000000ec700000, 0x00000000ec700000| Untracked 
| 200|0x00000000ec800000, 0x00000000ec800000, 0x00000000ec900000|  0%| F|  |TAMS 0x00000000ec800000, 0x00000000ec800000| Untracked 
| 201|0x00000000ec900000, 0x00000000ec900000, 0x00000000eca00000|  0%| F|  |TAMS 0x00000000ec900000, 0x00000000ec900000| Untracked 
| 202|0x00000000eca00000, 0x00000000eca00000, 0x00000000ecb00000|  0%| F|  |TAMS 0x00000000eca00000, 0x00000000eca00000| Untracked 
| 203|0x00000000ecb00000, 0x00000000ecb00000, 0x00000000ecc00000|  0%| F|  |TAMS 0x00000000ecb00000, 0x00000000ecb00000| Untracked 
| 204|0x00000000ecc00000, 0x00000000ecc00000, 0x00000000ecd00000|  0%| F|  |TAMS 0x00000000ecc00000, 0x00000000ecc00000| Untracked 
| 205|0x00000000ecd00000, 0x00000000ecd00000, 0x00000000ece00000|  0%| F|  |TAMS 0x00000000ecd00000, 0x00000000ecd00000| Untracked 
| 206|0x00000000ece00000, 0x00000000ece00000, 0x00000000ecf00000|  0%| F|  |TAMS 0x00000000ece00000, 0x00000000ece00000| Untracked 
| 207|0x00000000ecf00000, 0x00000000ecf00000, 0x00000000ed000000|  0%| F|  |TAMS 0x00000000ecf00000, 0x00000000ecf00000| Untracked 
| 208|0x00000000ed000000, 0x00000000ed000000, 0x00000000ed100000|  0%| F|  |TAMS 0x00000000ed000000, 0x00000000ed000000| Untracked 
| 209|0x00000000ed100000, 0x00000000ed100000, 0x00000000ed200000|  0%| F|  |TAMS 0x00000000ed100000, 0x00000000ed100000| Untracked 
| 210|0x00000000ed200000, 0x00000000ed200000, 0x00000000ed300000|  0%| F|  |TAMS 0x00000000ed200000, 0x00000000ed200000| Untracked 
| 211|0x00000000ed300000, 0x00000000ed300000, 0x00000000ed400000|  0%| F|  |TAMS 0x00000000ed300000, 0x00000000ed300000| Untracked 
| 212|0x00000000ed400000, 0x00000000ed400000, 0x00000000ed500000|  0%| F|  |TAMS 0x00000000ed400000, 0x00000000ed400000| Untracked 
| 213|0x00000000ed500000, 0x00000000ed500000, 0x00000000ed600000|  0%| F|  |TAMS 0x00000000ed500000, 0x00000000ed500000| Untracked 
| 214|0x00000000ed600000, 0x00000000ed600000, 0x00000000ed700000|  0%| F|  |TAMS 0x00000000ed600000, 0x00000000ed600000| Untracked 
| 215|0x00000000ed700000, 0x00000000ed700000, 0x00000000ed800000|  0%| F|  |TAMS 0x00000000ed700000, 0x00000000ed700000| Untracked 
| 216|0x00000000ed800000, 0x00000000ed800000, 0x00000000ed900000|  0%| F|  |TAMS 0x00000000ed800000, 0x00000000ed800000| Untracked 
| 217|0x00000000ed900000, 0x00000000ed900000, 0x00000000eda00000|  0%| F|  |TAMS 0x00000000ed900000, 0x00000000ed900000| Untracked 
| 218|0x00000000eda00000, 0x00000000eda00000, 0x00000000edb00000|  0%| F|  |TAMS 0x00000000eda00000, 0x00000000eda00000| Untracked 
| 219|0x00000000edb00000, 0x00000000edb00000, 0x00000000edc00000|  0%| F|  |TAMS 0x00000000edb00000, 0x00000000edb00000| Untracked 
| 220|0x00000000edc00000, 0x00000000edc00000, 0x00000000edd00000|  0%| F|  |TAMS 0x00000000edc00000, 0x00000000edc00000| Untracked 
| 221|0x00000000edd00000, 0x00000000edd00000, 0x00000000ede00000|  0%| F|  |TAMS 0x00000000edd00000, 0x00000000edd00000| Untracked 
| 222|0x00000000ede00000, 0x00000000ede00000, 0x00000000edf00000|  0%| F|  |TAMS 0x00000000ede00000, 0x00000000ede00000| Untracked 
| 223|0x00000000edf00000, 0x00000000edf00000, 0x00000000ee000000|  0%| F|  |TAMS 0x00000000edf00000, 0x00000000edf00000| Untracked 
| 224|0x00000000ee000000, 0x00000000ee000000, 0x00000000ee100000|  0%| F|  |TAMS 0x00000000ee000000, 0x00000000ee000000| Untracked 
| 225|0x00000000ee100000, 0x00000000ee100000, 0x00000000ee200000|  0%| F|  |TAMS 0x00000000ee100000, 0x00000000ee100000| Untracked 
| 226|0x00000000ee200000, 0x00000000ee200000, 0x00000000ee300000|  0%| F|  |TAMS 0x00000000ee200000, 0x00000000ee200000| Untracked 
| 227|0x00000000ee300000, 0x00000000ee400000, 0x00000000ee400000|100%| E|  |TAMS 0x00000000ee300000, 0x00000000ee300000| Complete 
| 228|0x00000000ee400000, 0x00000000ee500000, 0x00000000ee500000|100%| E|CS|TAMS 0x00000000ee400000, 0x00000000ee400000| Complete 
| 229|0x00000000ee500000, 0x00000000ee600000, 0x00000000ee600000|100%| E|CS|TAMS 0x00000000ee500000, 0x00000000ee500000| Complete 
| 230|0x00000000ee600000, 0x00000000ee700000, 0x00000000ee700000|100%| E|CS|TAMS 0x00000000ee600000, 0x00000000ee600000| Complete 
| 231|0x00000000ee700000, 0x00000000ee800000, 0x00000000ee800000|100%| E|CS|TAMS 0x00000000ee700000, 0x00000000ee700000| Complete 
| 232|0x00000000ee800000, 0x00000000ee900000, 0x00000000ee900000|100%| E|CS|TAMS 0x00000000ee800000, 0x00000000ee800000| Complete 
| 233|0x00000000ee900000, 0x00000000eea00000, 0x00000000eea00000|100%| E|CS|TAMS 0x00000000ee900000, 0x00000000ee900000| Complete 
| 234|0x00000000eea00000, 0x00000000eeb00000, 0x00000000eeb00000|100%| E|CS|TAMS 0x00000000eea00000, 0x00000000eea00000| Complete 
| 235|0x00000000eeb00000, 0x00000000eec00000, 0x00000000eec00000|100%| E|CS|TAMS 0x00000000eeb00000, 0x00000000eeb00000| Complete 
| 236|0x00000000eec00000, 0x00000000eed00000, 0x00000000eed00000|100%| E|CS|TAMS 0x00000000eec00000, 0x00000000eec00000| Complete 
| 237|0x00000000eed00000, 0x00000000eee00000, 0x00000000eee00000|100%| E|CS|TAMS 0x00000000eed00000, 0x00000000eed00000| Complete 
| 238|0x00000000eee00000, 0x00000000eef00000, 0x00000000eef00000|100%| E|CS|TAMS 0x00000000eee00000, 0x00000000eee00000| Complete 
| 239|0x00000000eef00000, 0x00000000ef000000, 0x00000000ef000000|100%| E|CS|TAMS 0x00000000eef00000, 0x00000000eef00000| Complete 
| 240|0x00000000ef000000, 0x00000000ef100000, 0x00000000ef100000|100%| E|CS|TAMS 0x00000000ef000000, 0x00000000ef000000| Complete 
| 241|0x00000000ef100000, 0x00000000ef200000, 0x00000000ef200000|100%| E|CS|TAMS 0x00000000ef100000, 0x00000000ef100000| Complete 
| 242|0x00000000ef200000, 0x00000000ef300000, 0x00000000ef300000|100%| E|CS|TAMS 0x00000000ef200000, 0x00000000ef200000| Complete 
| 243|0x00000000ef300000, 0x00000000ef400000, 0x00000000ef400000|100%| E|CS|TAMS 0x00000000ef300000, 0x00000000ef300000| Complete 
| 244|0x00000000ef400000, 0x00000000ef500000, 0x00000000ef500000|100%| E|CS|TAMS 0x00000000ef400000, 0x00000000ef400000| Complete 
| 245|0x00000000ef500000, 0x00000000ef600000, 0x00000000ef600000|100%| E|CS|TAMS 0x00000000ef500000, 0x00000000ef500000| Complete 
| 246|0x00000000ef600000, 0x00000000ef700000, 0x00000000ef700000|100%| E|CS|TAMS 0x00000000ef600000, 0x00000000ef600000| Complete 
| 247|0x00000000ef700000, 0x00000000ef800000, 0x00000000ef800000|100%| E|CS|TAMS 0x00000000ef700000, 0x00000000ef700000| Complete 
| 248|0x00000000ef800000, 0x00000000ef900000, 0x00000000ef900000|100%| E|CS|TAMS 0x00000000ef800000, 0x00000000ef800000| Complete 
| 249|0x00000000ef900000, 0x00000000efa00000, 0x00000000efa00000|100%| E|CS|TAMS 0x00000000ef900000, 0x00000000ef900000| Complete 
| 250|0x00000000efa00000, 0x00000000efb00000, 0x00000000efb00000|100%| E|CS|TAMS 0x00000000efa00000, 0x00000000efa00000| Complete 
| 251|0x00000000efb00000, 0x00000000efc00000, 0x00000000efc00000|100%| E|CS|TAMS 0x00000000efb00000, 0x00000000efb00000| Complete 
| 252|0x00000000efc00000, 0x00000000efd00000, 0x00000000efd00000|100%| E|CS|TAMS 0x00000000efc00000, 0x00000000efc00000| Complete 
| 253|0x00000000efd00000, 0x00000000efe00000, 0x00000000efe00000|100%| E|CS|TAMS 0x00000000efd00000, 0x00000000efd00000| Complete 
| 254|0x00000000efe00000, 0x00000000eff00000, 0x00000000eff00000|100%| E|CS|TAMS 0x00000000efe00000, 0x00000000efe00000| Complete 
| 255|0x00000000eff00000, 0x00000000f0000000, 0x00000000f0000000|100%| E|CS|TAMS 0x00000000eff00000, 0x00000000eff00000| Complete 

Card table byte_map: [0x0000023fb20e0000,0x0000023fb21e0000] _byte_map_base: 0x0000023fb19e0000

Marking Bits (Prev, Next): (CMBitMap*) 0x0000023f9aecc6d0, (CMBitMap*) 0x0000023f9aecc710
 Prev Bits: [0x0000023fb22e0000, 0x0000023fb2ae0000)
 Next Bits: [0x0000023fb2ae0000, 0x0000023fb32e0000)

Polling page: 0x0000023f98db0000

Metaspace:

Usage:
  Non-class:     48.92 MB capacity,    48.26 MB ( 99%) used,   586.92 KB (  1%) free+waste,    86.62 KB ( <1%) overhead. 
      Class:      7.89 MB capacity,     7.58 MB ( 96%) used,   274.89 KB (  3%) free+waste,    36.31 KB ( <1%) overhead. 
       Both:     56.81 MB capacity,    55.84 MB ( 98%) used,   861.81 KB (  1%) free+waste,   122.94 KB ( <1%) overhead. 

Virtual space:
  Non-class space:       52.00 MB reserved,      49.17 MB ( 95%) committed 
      Class space:      248.00 MB reserved,       8.00 MB (  3%) committed 
             Both:      300.00 MB reserved,      57.17 MB ( 19%) committed 

Chunk freelists:
   Non-Class:  2.00 KB
       Class:  21.00 KB
        Both:  23.00 KB

MaxMetaspaceSize: 256.00 MB
CompressedClassSpaceSize: 248.00 MB

CodeHeap 'non-profiled nmethods': size=120000Kb used=2675Kb max_used=3582Kb free=117324Kb
 bounds [0x0000023faabb0000, 0x0000023faaf30000, 0x0000023fb20e0000]
CodeHeap 'profiled nmethods': size=120000Kb used=11060Kb max_used=11622Kb free=108939Kb
 bounds [0x0000023fa3680000, 0x0000023fa41e0000, 0x0000023faabb0000]
CodeHeap 'non-nmethods': size=5760Kb used=2356Kb max_used=2510Kb free=3403Kb
 bounds [0x0000023fa30e0000, 0x0000023fa3370000, 0x0000023fa3680000]
 total_blobs=6570 nmethods=5729 adapters=752
 compilation: enabled
              stopped_count=0, restarted_count=0
 full_count=0

Compilation events (20 events):
Event: 17.213 Thread 0x0000023fb58bf6d0 nmethod 6467 0x0000023fa3888190 code [0x0000023fa3888340, 0x0000023fa3888528]
Event: 17.213 Thread 0x0000023fb58bf6d0 6468       3       java.util.stream.SpinedBuffer::accept (94 bytes)
Event: 17.214 Thread 0x0000023fb58bf6d0 nmethod 6468 0x0000023fa37a2190 code [0x0000023fa37a2380, 0x0000023fa37a2ce8]
Event: 17.214 Thread 0x0000023fb58bf6d0 6469       3       java.util.ArrayList$ArrayListSpliterator::tryAdvance (79 bytes)
Event: 17.214 Thread 0x0000023fb58bf6d0 nmethod 6469 0x0000023fa3887810 code [0x0000023fa3887a00, 0x0000023fa3887f48]
Event: 17.214 Thread 0x0000023fb58bf6d0 6470       3       java.util.Spliterators$1Adapter::accept (11 bytes)
Event: 17.214 Thread 0x0000023fb58bf6d0 nmethod 6470 0x0000023fa37a1e10 code [0x0000023fa37a1fa0, 0x0000023fa37a20f8]
Event: 17.214 Thread 0x0000023fb58bf6d0 6471       3       java.util.Spliterators$1Adapter::next (32 bytes)
Event: 17.214 Thread 0x0000023fb58bf6d0 nmethod 6471 0x0000023fa37a1710 code [0x0000023fa37a18e0, 0x0000023fa37a1cb8]
Event: 17.214 Thread 0x0000023fb58bf6d0 6472       3       java.util.stream.StreamSpliterators$WrappingSpliterator::tryAdvance (36 bytes)
Event: 17.215 Thread 0x0000023fb58bf6d0 nmethod 6472 0x0000023fa37a0e10 code [0x0000023fa37a1000, 0x0000023fa37a1578]
Event: 17.215 Thread 0x0000023fb58bf6d0 6473       3       java.util.stream.StreamSpliterators$AbstractWrappingSpliterator::doAdvance (106 bytes)
Event: 17.215 Thread 0x0000023fb58bf6d0 nmethod 6473 0x0000023fa3fc1790 code [0x0000023fa3fc19e0, 0x0000023fa3fc2488]
Event: 17.215 Thread 0x0000023fb58bf6d0 6474   !   3       jdk.internal.jrtfs.JrtDirectoryStream$1::hasNext (41 bytes)
Event: 17.215 Thread 0x0000023fb58bf6d0 nmethod 6474 0x0000023fa37a0790 code [0x0000023fa37a0940, 0x0000023fa37a0c88]
Event: 17.215 Thread 0x0000023fb58bf6d0 6476       3       com.sun.tools.javac.file.RelativePath$RelativeFile::<init> (24 bytes)
Event: 17.215 Thread 0x0000023fb58bf6d0 nmethod 6476 0x0000023fa3fc0d10 code [0x0000023fa3fc0f20, 0x0000023fa3fc14f8]
Event: 17.215 Thread 0x0000023fb58bf6d0 6477       3       com.sun.tools.javac.file.RelativePath::resolveAgainst (27 bytes)
Event: 17.216 Thread 0x0000023fb58bf6d0 nmethod 6477 0x0000023fa3fc0610 code [0x0000023fa3fc07e0, 0x0000023fa3fc0b98]
Event: 17.216 Thread 0x0000023fb58bf6d0 6478       3       jdk.internal.jrtfs.JrtFileSystem::getPath (102 bytes)

GC Heap History (12 events):
Event: 0.401 GC heap before
{Heap before GC invocations=0 (full 0):
 garbage-first heap   total 262144K, used 18432K [0x00000000e0000000, 0x0000000100000000)
  region size 1024K, 13 young (13312K), 0 survivors (0K)
 Metaspace       used 1696K, capacity 5209K, committed 5376K, reserved 262144K
  class space    used 169K, capacity 499K, committed 512K, reserved 253952K
}
Event: 0.404 GC heap after
{Heap after GC invocations=1 (full 0):
 garbage-first heap   total 262144K, used 8185K [0x00000000e0000000, 0x0000000100000000)
  region size 1024K, 2 young (2048K), 2 survivors (2048K)
 Metaspace       used 1696K, capacity 5209K, committed 5376K, reserved 262144K
  class space    used 169K, capacity 499K, committed 512K, reserved 253952K
}
Event: 0.660 GC heap before
{Heap before GC invocations=1 (full 0):
 garbage-first heap   total 262144K, used 20473K [0x00000000e0000000, 0x0000000100000000)
  region size 1024K, 15 young (15360K), 2 survivors (2048K)
 Metaspace       used 3957K, capacity 6607K, committed 6656K, reserved 262144K
  class space    used 488K, capacity 729K, committed 768K, reserved 253952K
}
Event: 0.662 GC heap after
{Heap after GC invocations=2 (full 0):
 garbage-first heap   total 262144K, used 9041K [0x00000000e0000000, 0x0000000100000000)
  region size 1024K, 1 young (1024K), 1 survivors (1024K)
 Metaspace       used 3957K, capacity 6607K, committed 6656K, reserved 262144K
  class space    used 488K, capacity 729K, committed 768K, reserved 253952K
}
Event: 0.935 GC heap before
{Heap before GC invocations=2 (full 0):
 garbage-first heap   total 262144K, used 32593K [0x00000000e0000000, 0x0000000100000000)
  region size 1024K, 25 young (25600K), 1 survivors (1024K)
 Metaspace       used 4110K, capacity 6607K, committed 6656K, reserved 262144K
  class space    used 493K, capacity 729K, committed 768K, reserved 253952K
}
Event: 0.938 GC heap after
{Heap after GC invocations=3 (full 0):
 garbage-first heap   total 262144K, used 13139K [0x00000000e0000000, 0x0000000100000000)
  region size 1024K, 4 young (4096K), 4 survivors (4096K)
 Metaspace       used 4110K, capacity 6607K, committed 6656K, reserved 262144K
  class space    used 493K, capacity 729K, committed 768K, reserved 253952K
}
Event: 3.002 GC heap before
{Heap before GC invocations=3 (full 0):
 garbage-first heap   total 262144K, used 101203K [0x00000000e0000000, 0x0000000100000000)
  region size 1024K, 91 young (93184K), 4 survivors (4096K)
 Metaspace       used 20692K, capacity 21155K, committed 21296K, reserved 272384K
  class space    used 2973K, capacity 3109K, committed 3200K, reserved 253952K
}
Event: 3.011 GC heap after
{Heap after GC invocations=4 (full 0):
 garbage-first heap   total 262144K, used 19077K [0x00000000e0000000, 0x0000000100000000)
  region size 1024K, 10 young (10240K), 10 survivors (10240K)
 Metaspace       used 20692K, capacity 21155K, committed 21296K, reserved 272384K
  class space    used 2973K, capacity 3109K, committed 3200K, reserved 253952K
}
Event: 4.941 GC heap before
{Heap before GC invocations=5 (full 0):
 garbage-first heap   total 262144K, used 99973K [0x00000000e0000000, 0x0000000100000000)
  region size 1024K, 87 young (89088K), 10 survivors (10240K)
 Metaspace       used 35140K, capacity 35731K, committed 35888K, reserved 286720K
  class space    used 4692K, capacity 4887K, committed 4992K, reserved 253952K
}
Event: 4.953 GC heap after
{Heap after GC invocations=6 (full 0):
 garbage-first heap   total 262144K, used 25554K [0x00000000e0000000, 0x0000000100000000)
  region size 1024K, 12 young (12288K), 12 survivors (12288K)
 Metaspace       used 35140K, capacity 35731K, committed 35888K, reserved 286720K
  class space    used 4692K, capacity 4887K, committed 4992K, reserved 253952K
}
Event: 16.444 GC heap before
{Heap before GC invocations=7 (full 0):
 garbage-first heap   total 262144K, used 166866K [0x00000000e0000000, 0x0000000100000000)
  region size 1024K, 150 young (153600K), 12 survivors (12288K)
 Metaspace       used 48960K, capacity 49962K, committed 50096K, reserved 296960K
  class space    used 6762K, capacity 7070K, committed 7168K, reserved 253952K
}
Event: 16.467 GC heap after
{Heap after GC invocations=8 (full 0):
 garbage-first heap   total 262144K, used 38202K [0x00000000e0000000, 0x0000000100000000)
  region size 1024K, 19 young (19456K), 19 survivors (19456K)
 Metaspace       used 48960K, capacity 49962K, committed 50096K, reserved 296960K
  class space    used 6762K, capacity 7070K, committed 7168K, reserved 253952K
}

Deoptimization events (20 events):
Event: 17.025 Thread 0x0000023fb78d6720 DEOPT PACKING pc=0x0000023faac5ca64 sp=0x000000bf9bbf6540
Event: 17.025 Thread 0x0000023fb78d6720 DEOPT UNPACKING pc=0x0000023fa312e42f sp=0x000000bf9bbf64f0 mode 2
Event: 17.129 Thread 0x0000023fb78d6720 Uncommon trap: trap_request=0xffffff45 fr.pc=0x0000023faac83130 relative=0x0000000000001430
Event: 17.129 Thread 0x0000023fb78d6720 Uncommon trap: reason=unstable_if action=reinterpret pc=0x0000023faac83130 method=java.nio.file.FileTreeWalker.visit(Ljava/nio/file/Path;ZZ)Ljava/nio/file/FileTreeWalker$Event; @ 84 c2
Event: 17.129 Thread 0x0000023fb78d6720 DEOPT PACKING pc=0x0000023faac83130 sp=0x000000bf9bbf61c0
Event: 17.129 Thread 0x0000023fb78d6720 DEOPT UNPACKING pc=0x0000023fa312e42f sp=0x000000bf9bbf60f8 mode 2
Event: 17.129 Thread 0x0000023fb78d6720 Uncommon trap: trap_request=0xffffff45 fr.pc=0x0000023faac15a3c relative=0x000000000000019c
Event: 17.129 Thread 0x0000023fb78d6720 Uncommon trap: reason=unstable_if action=reinterpret pc=0x0000023faac15a3c method=java.util.Arrays.equals([B[B)Z @ 23 c2
Event: 17.129 Thread 0x0000023fb78d6720 DEOPT PACKING pc=0x0000023faac15a3c sp=0x000000bf9bbf5ee0
Event: 17.129 Thread 0x0000023fb78d6720 DEOPT UNPACKING pc=0x0000023fa312e42f sp=0x000000bf9bbf5ea0 mode 2
Event: 17.142 Thread 0x0000023fb78d6720 Uncommon trap: trap_request=0xffffff45 fr.pc=0x0000023faac2ff94 relative=0x0000000000001694
Event: 17.142 Thread 0x0000023fb78d6720 Uncommon trap: reason=unstable_if action=reinterpret pc=0x0000023faac2ff94 method=sun.nio.fs.WindowsPathParser.normalize(Ljava/lang/StringBuilder;Ljava/lang/String;I)Ljava/lang/String; @ 100 c2
Event: 17.142 Thread 0x0000023fb78d6720 DEOPT PACKING pc=0x0000023faac2ff94 sp=0x000000bf9bbf5e60
Event: 17.142 Thread 0x0000023fb78d6720 DEOPT UNPACKING pc=0x0000023fa312e42f sp=0x000000bf9bbf5e40 mode 2
Event: 17.168 Thread 0x0000023fb78d6720 DEOPT PACKING pc=0x0000023fa3a107a8 sp=0x000000bf9bbf4be0
Event: 17.168 Thread 0x0000023fb78d6720 DEOPT UNPACKING pc=0x0000023fa312e23f sp=0x000000bf9bbf4050 mode 0
Event: 17.187 Thread 0x0000023fb78d6720 Uncommon trap: trap_request=0xffffff45 fr.pc=0x0000023faaeb5ddc relative=0x000000000000005c
Event: 17.187 Thread 0x0000023fb78d6720 Uncommon trap: reason=unstable_if action=reinterpret pc=0x0000023faaeb5ddc method=com.sun.tools.javac.jvm.PoolReader.sizeof(I)I @ 1 c2
Event: 17.187 Thread 0x0000023fb78d6720 DEOPT PACKING pc=0x0000023faaeb5ddc sp=0x000000bf9bbf5d40
Event: 17.187 Thread 0x0000023fb78d6720 DEOPT UNPACKING pc=0x0000023fa312e42f sp=0x000000bf9bbf5cd0 mode 2

Classes unloaded (0 events):
No events

Classes redefined (0 events):
No events

Internal exceptions (20 events):
Event: 7.188 Thread 0x0000023fb8181860 Exception <a 'java/lang/NoSuchMethodError'{0x00000000e811d4b0}: static Lorg/gradle/tooling/internal/provider/serialization/ClassLoaderDetails;.<clinit>()V> (0x00000000e811d4b0) 
thrown [./open/src/hotspot/share/prims/jni.cpp, line 1204]
Event: 7.189 Thread 0x0000023fb8181860 Exception <a 'java/lang/NoSuchMethodError'{0x00000000e812d760}: static Lorg/gradle/tooling/internal/provider/serialization/WellKnownClassLoaderRegistry$KnownClassLoaderSpec;.<clinit>()V> (0x00000000e812d760) 
thrown [./open/src/hotspot/share/prims/jni.cpp, line 1204]
Event: 7.189 Thread 0x0000023fb8181860 Exception <a 'java/lang/NoSuchMethodError'{0x00000000e812ee90}: static Lorg/gradle/internal/classloader/ClassLoaderSpec;.<clinit>()V> (0x00000000e812ee90) 
thrown [./open/src/hotspot/share/prims/jni.cpp, line 1204]
Event: 7.190 Thread 0x0000023fb8181860 Exception <a 'java/lang/NoSuchMethodError'{0x00000000e8140da0}: static Lorg/gradle/internal/classloader/ClassLoaderSpec;.<clinit>()V> (0x00000000e8140da0) 
thrown [./open/src/hotspot/share/prims/jni.cpp, line 1204]
Event: 7.190 Thread 0x0000023fb8181860 Exception <a 'java/lang/NoSuchMethodError'{0x00000000e814c8a0}: static Lorg/gradle/internal/classloader/VisitableURLClassLoader$Spec;.<clinit>()V> (0x00000000e814c8a0) 
thrown [./open/src/hotspot/share/prims/jni.cpp, line 1204]
Event: 10.381 Thread 0x0000023fb88b6bd0 Exception <a 'java/lang/NoSuchMethodError'{0x00000000e81e3dd8}: 'int java.lang.invoke.DirectMethodHandle$Holder.invokeVirtual(java.lang.Object, java.lang.Object)'> (0x00000000e81e3dd8) 
thrown [./open/src/hotspot/share/interpreter/linkResolver.cpp, line 782]
Event: 16.074 Thread 0x0000023fb78d6720 Exception <a 'java/lang/NoSuchMethodError'{0x00000000e76f5c48}: 'java.lang.Object java.lang.invoke.DirectMethodHandle$Holder.invokeSpecial(java.lang.Object, java.lang.Object, int, java.lang.Object, java.lang.Object)'> (0x00000000e76f5c48) 
thrown [./open/src/hotspot/share/interpreter/linkResolver.cpp, line 782]
Event: 16.600 Thread 0x0000023fb78d6720 Exception <a 'java/lang/NoSuchMethodError'{0x00000000efe73858}: 'java.lang.Object java.lang.invoke.Invokers$Holder.linkToTargetMethod(java.lang.Object, java.lang.Object, java.lang.Object, int, int, java.lang.Object)'> (0x00000000efe73858) 
thrown [./open/src/hotspot/share/interpreter/linkResolver.cpp, line 782]
Event: 16.953 Thread 0x0000023fb78d6720 Exception <a 'java/lang/NoSuchMethodError'{0x00000000ef963b88}: 'java.lang.Object java.lang.invoke.DirectMethodHandle$Holder.invokeStatic(java.lang.Object, int, java.lang.Object)'> (0x00000000ef963b88) 
thrown [./open/src/hotspot/share/interpreter/linkResolver.cpp, line 782]
Event: 16.965 Thread 0x0000023fb78d6720 Exception <a 'java/lang/NoSuchMethodError'{0x00000000ef9a0f90}: 'java.lang.Object java.lang.invoke.DirectMethodHandle$Holder.newInvokeSpecial(java.lang.Object, java.lang.Object, int, int)'> (0x00000000ef9a0f90) 
thrown [./open/src/hotspot/share/interpreter/linkResolver.cpp, line 782]
Event: 16.966 Thread 0x0000023fb78d6720 Exception <a 'java/lang/NoSuchMethodError'{0x00000000ef9a8410}: 'java.lang.Object java.lang.invoke.DirectMethodHandle$Holder.invokeStatic(java.lang.Object, java.lang.Object, int, int)'> (0x00000000ef9a8410) 
thrown [./open/src/hotspot/share/interpreter/linkResolver.cpp, line 782]
Event: 17.118 Thread 0x0000023fb78d6720 Exception <a 'java/lang/NoSuchMethodError'{0x00000000ef1f36e8}: 'java.lang.Object java.lang.invoke.DirectMethodHandle$Holder.invokeVirtual(java.lang.Object, java.lang.Object, java.lang.Object, int, int)'> (0x00000000ef1f36e8) 
thrown [./open/src/hotspot/share/interpreter/linkResolver.cpp, line 782]
Event: 17.118 Thread 0x0000023fb78d6720 Exception <a 'java/lang/NoSuchMethodError'{0x00000000ef1fb7a8}: 'java.lang.Object java.lang.invoke.DirectMethodHandle$Holder.invokeVirtual(java.lang.Object, java.lang.Object, int)'> (0x00000000ef1fb7a8) 
thrown [./open/src/hotspot/share/interpreter/linkResolver.cpp, line 782]
Event: 17.123 Thread 0x0000023fb78d6720 Exception <a 'java/lang/NoSuchMethodError'{0x00000000ef03ab68}: 'java.lang.Object java.lang.invoke.DirectMethodHandle$Holder.invokeSpecial(java.lang.Object, java.lang.Object, java.lang.Object, int, int)'> (0x00000000ef03ab68) 
thrown [./open/src/hotspot/share/interpreter/linkResolver.cpp, line 782]
Event: 17.142 Thread 0x0000023fb78d6720 Exception <a 'sun/nio/fs/WindowsException'{0x00000000eefd53e8}> (0x00000000eefd53e8) 
thrown [./open/src/hotspot/share/prims/jni.cpp, line 578]
Event: 17.147 Thread 0x0000023fb78d6720 Exception <a 'java/lang/NoSuchMethodError'{0x00000000eeff4b38}: 'int java.lang.invoke.DirectMethodHandle$Holder.invokeSpecial(java.lang.Object, java.lang.Object, java.lang.Object, java.lang.Object, java.lang.Object)'> (0x00000000eeff4b38) 
thrown [./open/src/hotspot/share/interpreter/linkResolver.cpp, line 782]
Event: 17.164 Thread 0x0000023fb78d6720 Exception <a 'sun/nio/fs/WindowsException'{0x00000000eeb03858}> (0x00000000eeb03858) 
thrown [./open/src/hotspot/share/prims/jni.cpp, line 578]
Event: 17.165 Thread 0x0000023fb78d6720 Exception <a 'sun/nio/fs/WindowsException'{0x00000000eeb068c0}> (0x00000000eeb068c0) 
thrown [./open/src/hotspot/share/prims/jni.cpp, line 578]
Event: 17.167 Thread 0x0000023fb78d6720 Exception <a 'sun/nio/fs/WindowsException'{0x00000000eeb14880}> (0x00000000eeb14880) 
thrown [./open/src/hotspot/share/prims/jni.cpp, line 578]
Event: 17.167 Thread 0x0000023fb78d6720 Exception <a 'sun/nio/fs/WindowsException'{0x00000000eeb14b60}> (0x00000000eeb14b60) 
thrown [./open/src/hotspot/share/prims/jni.cpp, line 578]

Events (20 events):
Event: 16.952 loading class java/time/zone/Ser done
Event: 16.952 loading class java/time/zone/ZoneOffsetTransitionRule$TimeDefinition
Event: 16.952 loading class java/time/zone/ZoneOffsetTransitionRule$TimeDefinition done
Event: 16.952 loading class java/time/zone/ZoneOffsetTransition
Event: 16.952 loading class java/time/zone/ZoneOffsetTransition done
Event: 16.953 loading class java/time/temporal/TemporalAdjusters
Event: 16.953 loading class java/time/temporal/TemporalAdjusters done
Event: 16.954 loading class java/time/zone/ZoneOffsetTransitionRule$1
Event: 16.954 loading class java/time/zone/ZoneOffsetTransitionRule$1 done
Event: 16.959 Loaded shared library C:\Users\Jarcia\.jdks\openjdk-15.0.2\bin\nio.dll
Event: 17.033 loading class java/nio/file/SimpleFileVisitor
Event: 17.033 loading class java/nio/file/SimpleFileVisitor done
Event: 17.033 loading class java/nio/file/ClosedDirectoryStreamException
Event: 17.033 loading class java/nio/file/ClosedDirectoryStreamException done
Event: 17.142 loading class sun/nio/fs/WindowsException
Event: 17.142 loading class sun/nio/fs/WindowsException done
Event: 17.143 loading class java/nio/file/Files$2
Event: 17.143 loading class java/nio/file/Files$2 done
Event: 17.188 Executing VM operation: ICBufferFull
Event: 17.188 Executing VM operation: ICBufferFull done


Dynamic libraries:
0x00007ff7a3730000 - 0x00007ff7a373d000 	C:\Users\Jarcia\.jdks\openjdk-15.0.2\bin\java.exe
0x00007ffc89270000 - 0x00007ffc89465000 	C:\WINDOWS\SYSTEM32\ntdll.dll
0x00007ffc87940000 - 0x00007ffc879fd000 	C:\WINDOWS\System32\KERNEL32.DLL
0x00007ffc86c60000 - 0x00007ffc86f28000 	C:\WINDOWS\System32\KERNELBASE.dll
0x00007ffc86b60000 - 0x00007ffc86c60000 	C:\WINDOWS\System32\ucrtbase.dll
0x00007ffc7ed50000 - 0x00007ffc7ed69000 	C:\Users\Jarcia\.jdks\openjdk-15.0.2\bin\VCRUNTIME140.dll
0x00007ffc54320000 - 0x00007ffc54338000 	C:\Users\Jarcia\.jdks\openjdk-15.0.2\bin\jli.dll
0x00007ffc88fc0000 - 0x00007ffc89160000 	C:\WINDOWS\System32\USER32.dll
0x00007ffc870b0000 - 0x00007ffc870d2000 	C:\WINDOWS\System32\win32u.dll
0x00007ffc55150000 - 0x00007ffc553ea000 	C:\WINDOWS\WinSxS\amd64_microsoft.windows.common-controls_6595b64144ccf1df_6.0.19041.1052_none_60b8f8fd71f5e8cb\COMCTL32.dll
0x00007ffc88850000 - 0x00007ffc8887a000 	C:\WINDOWS\System32\GDI32.dll
0x00007ffc878a0000 - 0x00007ffc8793e000 	C:\WINDOWS\System32\msvcrt.dll
0x00007ffc871d0000 - 0x00007ffc872db000 	C:\WINDOWS\System32\gdi32full.dll
0x00007ffc87010000 - 0x00007ffc870ad000 	C:\WINDOWS\System32\msvcp_win.dll
0x00007ffc87670000 - 0x00007ffc876a0000 	C:\WINDOWS\System32\IMM32.DLL
0x00007ffc80580000 - 0x00007ffc8058c000 	C:\Users\Jarcia\.jdks\openjdk-15.0.2\bin\vcruntime140_1.dll
0x00007ffc52b60000 - 0x00007ffc52bf1000 	C:\Users\Jarcia\.jdks\openjdk-15.0.2\bin\msvcp140.dll
0x00007ffc4cfc0000 - 0x00007ffc4db1e000 	C:\Users\Jarcia\.jdks\openjdk-15.0.2\bin\server\jvm.dll
0x00007ffc87d80000 - 0x00007ffc87e2c000 	C:\WINDOWS\System32\ADVAPI32.dll
0x00007ffc87c50000 - 0x00007ffc87ceb000 	C:\WINDOWS\System32\sechost.dll
0x00007ffc876a0000 - 0x00007ffc877cb000 	C:\WINDOWS\System32\RPCRT4.dll
0x00007ffc89160000 - 0x00007ffc89168000 	C:\WINDOWS\System32\PSAPI.DLL
0x00007ffc66bf0000 - 0x00007ffc66bf9000 	C:\WINDOWS\SYSTEM32\WSOCK32.dll
0x00007ffc80a50000 - 0x00007ffc80a5a000 	C:\WINDOWS\SYSTEM32\VERSION.dll
0x00007ffc7bf50000 - 0x00007ffc7bf77000 	C:\WINDOWS\SYSTEM32\WINMM.dll
0x00007ffc87830000 - 0x00007ffc8789b000 	C:\WINDOWS\System32\WS2_32.dll
0x00007ffc84920000 - 0x00007ffc84932000 	C:\WINDOWS\SYSTEM32\kernel.appcore.dll
0x00007ffc7d140000 - 0x00007ffc7d14a000 	C:\Users\Jarcia\.jdks\openjdk-15.0.2\bin\jimage.dll
0x00007ffc80260000 - 0x00007ffc80444000 	C:\WINDOWS\SYSTEM32\DBGHELP.DLL
0x00007ffc80140000 - 0x00007ffc8016c000 	C:\WINDOWS\SYSTEM32\dbgcore.DLL
0x00007ffc87140000 - 0x00007ffc871c3000 	C:\WINDOWS\System32\bcryptPrimitives.dll
0x00007ffc4cf90000 - 0x00007ffc4cfb5000 	C:\Users\Jarcia\.jdks\openjdk-15.0.2\bin\java.dll
0x00007ffc87f60000 - 0x00007ffc8869f000 	C:\WINDOWS\System32\SHELL32.dll
0x00007ffc84b20000 - 0x00007ffc852b0000 	C:\WINDOWS\SYSTEM32\windows.storage.dll
0x00007ffc87310000 - 0x00007ffc87665000 	C:\WINDOWS\System32\combase.dll
0x00007ffc86420000 - 0x00007ffc8644c000 	C:\WINDOWS\SYSTEM32\Wldp.dll
0x00007ffc87ba0000 - 0x00007ffc87c4e000 	C:\WINDOWS\System32\SHCORE.dll
0x00007ffc87f00000 - 0x00007ffc87f55000 	C:\WINDOWS\System32\shlwapi.dll
0x00007ffc868f0000 - 0x00007ffc8690f000 	C:\WINDOWS\SYSTEM32\profapi.dll
0x00007ffc4cf70000 - 0x00007ffc4cf89000 	C:\Users\Jarcia\.jdks\openjdk-15.0.2\bin\net.dll
0x00007ffc81830000 - 0x00007ffc8193b000 	C:\WINDOWS\SYSTEM32\WINHTTP.dll
0x00007ffc86190000 - 0x00007ffc861fa000 	C:\WINDOWS\system32\mswsock.dll
0x00007ffc4cf50000 - 0x00007ffc4cf62000 	C:\Users\Jarcia\.jdks\openjdk-15.0.2\bin\nio.dll
0x00007ffc4cf30000 - 0x00007ffc4cf48000 	C:\Users\Jarcia\.jdks\openjdk-15.0.2\bin\zip.dll
0x00007ffc7cf20000 - 0x00007ffc7cf30000 	C:\Users\Jarcia\.jdks\openjdk-15.0.2\bin\verify.dll
0x00007ffc7cf30000 - 0x00007ffc7cf56000 	C:\Users\Jarcia\.gradle\native\fdc75f09e3144964f2cf3f50f0aa648679c211496f362492102eb8c894070792\windows-amd64\native-platform.dll
0x00007ffc4db20000 - 0x00007ffc4dcb1000 	C:\Users\Jarcia\.gradle\native\12488b8bf47d2d4c9fbf2f6322a914ad602e24e48041cd04a747c6da556b65c4\windows-amd64\native-platform-file-events.dll
0x00007ffc52b50000 - 0x00007ffc52b59000 	C:\Users\Jarcia\.jdks\openjdk-15.0.2\bin\management.dll
0x00007ffc4cf20000 - 0x00007ffc4cf2b000 	C:\Users\Jarcia\.jdks\openjdk-15.0.2\bin\management_ext.dll
0x00007ffc86360000 - 0x00007ffc86378000 	C:\WINDOWS\SYSTEM32\CRYPTSP.dll
0x00007ffc85a60000 - 0x00007ffc85a94000 	C:\WINDOWS\system32\rsaenh.dll
0x00007ffc86fe0000 - 0x00007ffc87007000 	C:\WINDOWS\System32\bcrypt.dll
0x00007ffc86870000 - 0x00007ffc8689e000 	C:\WINDOWS\SYSTEM32\USERENV.dll
0x00007ffc86380000 - 0x00007ffc8638c000 	C:\WINDOWS\SYSTEM32\CRYPTBASE.dll
0x00007ffc85e10000 - 0x00007ffc85e4b000 	C:\WINDOWS\SYSTEM32\IPHLPAPI.DLL
0x00007ffc872e0000 - 0x00007ffc872e8000 	C:\WINDOWS\System32\NSI.dll
0x00007ffc80190000 - 0x00007ffc801a7000 	C:\WINDOWS\SYSTEM32\dhcpcsvc6.DLL
0x00007ffc80170000 - 0x00007ffc8018d000 	C:\WINDOWS\SYSTEM32\dhcpcsvc.DLL
0x00007ffc85e70000 - 0x00007ffc85f3c000 	C:\WINDOWS\SYSTEM32\DNSAPI.dll
0x00007ffc80490000 - 0x00007ffc8049b000 	C:\WINDOWS\SYSTEM32\WINNSI.DLL

dbghelp: loaded successfully - version: 4.0.5 - missing functions: none
symbol engine: initialized successfully - sym options: 0x614 - pdb path: .;C:\Users\Jarcia\.jdks\openjdk-15.0.2\bin;C:\WINDOWS\SYSTEM32;C:\WINDOWS\WinSxS\amd64_microsoft.windows.common-controls_6595b64144ccf1df_6.0.19041.1052_none_60b8f8fd71f5e8cb;C:\Users\Jarcia\.jdks\openjdk-15.0.2\bin\server;C:\Users\Jarcia\.gradle\native\fdc75f09e3144964f2cf3f50f0aa648679c211496f362492102eb8c894070792\windows-amd64;C:\Users\Jarcia\.gradle\native\12488b8bf47d2d4c9fbf2f6322a914ad602e24e48041cd04a747c6da556b65c4\windows-amd64

VM Arguments:
jvm_args: --add-opens=java.base/java.util=ALL-UNNAMED --add-opens=java.base/java.lang=ALL-UNNAMED --add-opens=java.base/java.lang.invoke=ALL-UNNAMED --add-opens=java.prefs/java.util.prefs=ALL-UNNAMED -XX:MaxMetaspaceSize=256m -XX:+HeapDumpOnOutOfMemoryError -Xms256m -Xmx512m -Dfile.encoding=windows-1250 -Duser.country=PL -Duser.language=pl -Duser.variant 
java_command: org.gradle.launcher.daemon.bootstrap.GradleDaemon 6.7
java_class_path (initial): C:\Users\Jarcia\.gradle\wrapper\dists\gradle-6.7-bin\efvqh8uyq79v2n7rcncuhu9sv\gradle-6.7\lib\gradle-launcher-6.7.jar
Launcher Type: SUN_STANDARD

[Global flags]
     intx CICompilerCount                          = 3                                         {product} {ergonomic}
   size_t CompressedClassSpaceSize                 = 260046848                                 {product} {ergonomic}
     uint ConcGCThreads                            = 1                                         {product} {ergonomic}
     uint G1ConcRefinementThreads                  = 4                                         {product} {ergonomic}
   size_t G1HeapRegionSize                         = 1048576                                   {product} {ergonomic}
    uintx GCDrainStackTargetSize                   = 64                                        {product} {ergonomic}
     bool HeapDumpOnOutOfMemoryError               = true                                   {manageable} {command line}
   size_t InitialHeapSize                          = 268435456                                 {product} {command line}
   size_t MarkStackSize                            = 4194304                                   {product} {ergonomic}
   size_t MaxHeapSize                              = 536870912                                 {product} {command line}
   size_t MaxMetaspaceSize                         = 268435456                                 {product} {command line}
   size_t MaxNewSize                               = 321912832                                 {product} {ergonomic}
   size_t MinHeapDeltaBytes                        = 1048576                                   {product} {ergonomic}
   size_t MinHeapSize                              = 268435456                                 {product} {command line}
    uintx NonNMethodCodeHeapSize                   = 5832780                                {pd product} {ergonomic}
    uintx NonProfiledCodeHeapSize                  = 122912730                              {pd product} {ergonomic}
    uintx ProfiledCodeHeapSize                     = 122912730                              {pd product} {ergonomic}
    uintx ReservedCodeCacheSize                    = 251658240                              {pd product} {ergonomic}
     bool SegmentedCodeCache                       = true                                      {product} {ergonomic}
   size_t SoftMaxHeapSize                          = 536870912                              {manageable} {ergonomic}
     bool UseCompressedClassPointers               = true                                 {lp64_product} {ergonomic}
     bool UseCompressedOops                        = true                                 {lp64_product} {ergonomic}
     bool UseG1GC                                  = true                                      {product} {ergonomic}
     bool UseLargePagesIndividualAllocation        = false                                  {pd product} {ergonomic}

Logging:
Log output configuration:
 #0: stdout all=warning uptime,level,tags
 #1: stderr all=off uptime,level,tags

Environment Variables:
JAVA_HOME=C:\Program Files\Java\jdk-15.0.2
CLASSPATH=C:\Program Files\Java\jdk-15.0.2\lib\*.jar
PATH=C:\Program Files\Common Files\Oracle\Java\javapath;D:\WINDOWS.X64_193000_db_home\bin;C:\Windows\system32;C:\Windows;C:\Windows\System32\Wbem;C:\Windows\System32\WindowsPowerShell\v1.0\;C:\Windows\System32\OpenSSH\;C:\Program Files (x86)\NVIDIA Corporation\PhysX\Common;C:\Program Files\CodeBlocks\MinGW\bin;C:\Program Files\dotnet\;C:\Program Files\Microsoft SQL Server\130\Tools\Binn\;C:\Program Files\Microsoft SQL Server\Client SDK\ODBC\170\Tools\Binn\;C:\Program Files (x86)\Microsoft SQL Server\150\Tools\Binn\;C:\Program Files\Microsoft SQL Server\150\Tools\Binn\;C:\Program Files\Microsoft SQL Server\150\DTS\Binn\;C:\Program Files (x86)\Microsoft SQL Server\150\DTS\Binn\;C:\Program Files\Azure Data Studio\bin;C:\Program Files\Microchip\xc8\v2.31\bin;C:\WINDOWS\system32;C:\WINDOWS;C:\WINDOWS\System32\Wbem;C:\WINDOWS\System32\WindowsPowerShell\v1.0\;C:\WINDOWS\System32\OpenSSH\;C:\Program Files\Java\jdk-15.0.2\bin;C:\Program Files\MySQL\MySQL Shell 8.0\bin\;C:\Users\Jarcia\AppData\Local\Microsoft\WindowsApps;C:\Program Files\CodeBlocks\MinGW\bin;C:\Users\Jarcia\.dotnet\tools;C:\Program Files\Azure Data Studio\bin;C:\Program Files\JetBrains\IntelliJ IDEA 2020.3.2\bin;;
USERNAME=Jarcia
OS=Windows_NT
PROCESSOR_IDENTIFIER=Intel64 Family 6 Model 94 Stepping 3, GenuineIntel



---------------  S Y S T E M  ---------------

OS:
 Windows 10 , 64 bit Build 19041 (10.0.19041.1023)
OS uptime: 0 days 3:24 hours

CPU: total 4 (initial active 4) (4 cores per cpu, 1 threads per core) family 6 model 94 stepping 3 microcode 0xcc, cmov, cx8, fxsr, mmx, sse, sse2, sse3, ssse3, sse4.1, sse4.2, popcnt, vzeroupper, avx, avx2, aes, clmul, erms, 3dnowpref, lzcnt, tsc, tscinvbit, bmi1, bmi2, adx, fma, clflush, clflushopt

Memory: 4k page, system-wide physical 8138M (359M free)
TotalPageFile size 32714M (AvailPageFile size 3M)
current process WorkingSet (physical memory assigned to process): 372M, peak: 372M
current process commit charge ("private bytes"): 479M, peak: 483M

vm_info: OpenJDK 64-Bit Server VM (15.0.2+7-27) for windows-amd64 JRE (15.0.2+7-27), built on Dec  7 2020 20:02:38 by "mach5one" with unknown MS VC++:1925

END.
